#
# There is insufficient memory for the Java Runtime Environment to continue.
# Native memory allocation (malloc) failed to allocate 1305936 bytes. Error detail: Chunk::new
# Possible reasons:
#   The system is out of physical RAM or swap space
#   This process is running with CompressedOops enabled, and the Java Heap may be blocking the growth of the native heap
# Possible solutions:
#   Reduce memory load on the system
#   Increase physical memory or swap space
#   Check if swap backing store is full
#   Decrease Java heap size (-Xmx/-Xms)
#   Decrease number of Java threads
#   Decrease Java thread stack sizes (-Xss)
#   Set larger code cache with -XX:ReservedCodeCacheSize=
#   JVM is running with Zero Based Compressed Oops mode in which the Java heap is
#     placed in the first 32GB address space. The Java Heap base address is the
#     maximum limit for the native heap growth. Please use -XX:HeapBaseMinAddress
#     to set the Java Heap base and to place the Java Heap above 32GB virtual address.
# This output file may be truncated or incomplete.
#
#  Out of Memory Error (arena.cpp:168), pid=6996, tid=20332
#
# JRE version: OpenJDK Runtime Environment Temurin-21.0.10+7 (21.0.10+7) (build 21.0.10+7-LTS)
# Java VM: OpenJDK 64-Bit Server VM Temurin-21.0.10+7 (21.0.10+7-LTS, mixed mode, sharing, tiered, compressed oops, compressed class ptrs, g1 gc, windows-amd64)
# No core dump will be written. Minidumps are not enabled by default on client versions of Windows
#

---------------  S U M M A R Y ------------

Command Line: --add-opens=java.base/java.lang=ALL-UNNAMED --add-opens=java.base/java.lang.invoke=ALL-UNNAMED --add-opens=java.base/java.util=ALL-UNNAMED --add-opens=java.prefs/java.util.prefs=ALL-UNNAMED --add-exports=jdk.compiler/com.sun.tools.javac.api=ALL-UNNAMED --add-exports=jdk.compiler/com.sun.tools.javac.util=ALL-UNNAMED --add-opens=java.base/java.util=ALL-UNNAMED --add-opens=java.prefs/java.util.prefs=ALL-UNNAMED --add-opens=java.base/java.nio.charset=ALL-UNNAMED --add-opens=java.base/java.net=ALL-UNNAMED --add-opens=java.base/java.util.concurrent.atomic=ALL-UNNAMED --add-opens=java.xml/javax.xml.namespace=ALL-UNNAMED -XX:MaxMetaspaceSize=4G -XX:ReservedCodeCacheSize=512m -XX:+HeapDumpOnOutOfMemoryError -Xmx8G -Dfile.encoding=UTF-8 -Duser.country=ID -Duser.language=en -Duser.variant -javaagent:C:\Users\USER\.gradle\wrapper\dists\gradle-8.14-all\c2qonpi39x1mddn7hk5gh9iqj\gradle-8.14\lib\agents\gradle-instrumentation-agent-8.14.jar org.gradle.launcher.daemon.bootstrap.GradleDaemon 8.14

Host: 12th Gen Intel(R) Core(TM) i5-1235U, 12 cores, 7G,  Windows 11 , 64 bit Build 26100 (10.0.26100.7920)
Time: Thu Mar 26 16:06:12 2026 SE Asia Standard Time elapsed time: 120.155776 seconds (0d 0h 2m 0s)

---------------  T H R E A D  ---------------

Current thread (0x00000213878ab0c0):  JavaThread "C2 CompilerThread1" daemon [_thread_in_native, id=20332, stack(0x000000e731d00000,0x000000e731e00000) (1024K)]


Current CompileTask:
C2:120155 25022       4       org.gradle.internal.fingerprint.classpath.impl.ClasspathFingerprintingStrategy$ClasspathFingerprintingVisitor::visitEntry (20 bytes)

Stack: [0x000000e731d00000,0x000000e731e00000]
Native frames: (J=compiled Java code, j=interpreted, Vv=VM code, C=native code)
V  [jvm.dll+0x6d7a39]
V  [jvm.dll+0x8b4b26]
V  [jvm.dll+0x8b70de]
V  [jvm.dll+0x8b77c3]
V  [jvm.dll+0x284346]
V  [jvm.dll+0xc66ed]
V  [jvm.dll+0xc6c31]
V  [jvm.dll+0x3bec01]
V  [jvm.dll+0x38b162]
V  [jvm.dll+0x38a5aa]
V  [jvm.dll+0x24c560]
V  [jvm.dll+0x24bb40]
V  [jvm.dll+0x1cb34e]
V  [jvm.dll+0x25b85d]
V  [jvm.dll+0x259dea]
V  [jvm.dll+0x3f857e]
V  [jvm.dll+0x85f59d]
V  [jvm.dll+0x6d626d]
C  [ucrtbase.dll+0x37b0]
C  [KERNEL32.DLL+0x2e8d7]
C  [ntdll.dll+0x8c48c]


---------------  P R O C E S S  ---------------

Threads class SMR info:
_java_thread_list=0x0000021388dde400, length=158, elements={
0x0000021300f906f0, 0x00000213308d1ab0, 0x00000213308d2120, 0x00000213308d67b0,
0x00000213308d6e20, 0x00000213308db5d0, 0x00000213308dbea0, 0x00000213308e2630,
0x00000213308ee3c0, 0x0000021333649040, 0x000002133367ea00, 0x0000021379de17e0,
0x0000021379de2500, 0x0000021379de1e70, 0x0000021379f25540, 0x0000021379f22de0,
0x0000021379f24190, 0x0000021379f25bd0, 0x0000021379f24820, 0x0000021379f23b00,
0x0000021379f24eb0, 0x0000021379f26260, 0x0000021379f268f0, 0x0000021379f23470,
0x0000021379f289c0, 0x0000021379f29d70, 0x0000021379f296e0, 0x0000021379f29050,
0x000002137ca74700, 0x000002137ca71280, 0x000002137ca74d90, 0x000002137ca76e60,
0x000002137ca75ab0, 0x0000021388260720, 0x0000021388260db0, 0x0000021388261440,
0x0000021388262160, 0x0000021388261ad0, 0x000002138825fa00, 0x0000021388260090,
0x000002138825ece0, 0x0000021388262e80, 0x0000021388263510, 0x00000213882627f0,
0x0000021388263ba0, 0x00000213882655e0, 0x00000213882648c0, 0x0000021388265c70,
0x0000021388264f50, 0x0000021388264230, 0x0000021388266300, 0x00000213882a9cb0,
0x00000213882a9620, 0x00000213882a8f90, 0x00000213882a7550, 0x00000213882a7be0,
0x00000213882aa340, 0x00000213882a6ec0, 0x00000213882a8270, 0x00000213882abd80,
0x00000213882a8900, 0x00000213882ad130, 0x00000213882ad7c0, 0x00000213882ab060,
0x00000213882ade50, 0x00000213882ac410, 0x00000213882ae4e0, 0x000002137de646b0,
0x000002137de681c0, 0x000002137de68850, 0x000002137de67b30, 0x000002137de674a0,
0x000002137de68ee0, 0x0000021387d55550, 0x0000021387d58340, 0x0000021387d55be0,
0x0000021387d56270, 0x0000021387d56900, 0x0000021387d56f90, 0x0000021387d57620,
0x0000021387d57cb0, 0x0000021387d54ec0, 0x0000021387d5b7c0, 0x0000021387d5aaa0,
0x0000021387d5be50, 0x0000021387d59060, 0x0000021387d5b130, 0x0000021387d589d0,
0x0000021387d5a410, 0x0000021387d5c4e0, 0x0000021387d596f0, 0x0000021387d59d80,
0x000002137e803280, 0x000002137e8011b0, 0x000002137e801840, 0x000002137e801ed0,
0x000002137e802560, 0x000002137e802bf0, 0x000002137e803910, 0x000002137e800490,
0x000002137e803fa0, 0x000002137e800b20, 0x000002137e8059e0, 0x000002137e806d90,
0x000002137e806070, 0x000002137e804cc0, 0x000002137e805350, 0x000002137e807420,
0x000002137e807ab0, 0x000002137e804630, 0x000002137e806700, 0x000002137d9512c0,
0x000002137d952670, 0x000002137d952d00, 0x000002137d951950, 0x000002137d951fe0,
0x000002137d9505a0, 0x000002137d9540b0, 0x000002137d954740, 0x000002137d954dd0,
0x000002137d956ea0, 0x000002137d955460, 0x000002137d955af0, 0x000002137d956810,
0x000002137d956180, 0x000002137f24f9a0, 0x000002137f24cbb0, 0x000002137f24df60,
0x000002137f24e5f0, 0x000002137f2506c0, 0x000002137f24f310, 0x000002137f24d240,
0x000002137f250d50, 0x000002137f24d8d0, 0x000002137f250030, 0x000002137f252100,
0x000002137f2513e0, 0x000002137f251a70, 0x000002137f24ec80, 0x000002137f2541d0,
0x000002137f254ef0, 0x000002137f255c10, 0x000002137f255580, 0x000002137f254860,
0x000002137f252790, 0x000002137f2562a0, 0x000002137f252e20, 0x000002137f253b40,
0x000002137f256930, 0x000002137f2534b0, 0x000002137f257650, 0x000002137f259720,
0x000002137f257ce0, 0x000002137f25a440, 0x000002137f258a00, 0x00000213874cf450,
0x00000213874d1520, 0x00000213878ab0c0
}

Java Threads: ( => current thread )
  0x0000021300f906f0 JavaThread "main"                              [_thread_blocked, id=4708, stack(0x000000e728000000,0x000000e728100000) (1024K)]
  0x00000213308d1ab0 JavaThread "Reference Handler"          daemon [_thread_blocked, id=21348, stack(0x000000e728800000,0x000000e728900000) (1024K)]
  0x00000213308d2120 JavaThread "Finalizer"                  daemon [_thread_blocked, id=18820, stack(0x000000e728900000,0x000000e728a00000) (1024K)]
  0x00000213308d67b0 JavaThread "Signal Dispatcher"          daemon [_thread_blocked, id=14112, stack(0x000000e728a00000,0x000000e728b00000) (1024K)]
  0x00000213308d6e20 JavaThread "Attach Listener"            daemon [_thread_blocked, id=20428, stack(0x000000e728b00000,0x000000e728c00000) (1024K)]
  0x00000213308db5d0 JavaThread "Service Thread"             daemon [_thread_blocked, id=19908, stack(0x000000e728c00000,0x000000e728d00000) (1024K)]
  0x00000213308dbea0 JavaThread "Monitor Deflation Thread"   daemon [_thread_blocked, id=13776, stack(0x000000e728d00000,0x000000e728e00000) (1024K)]
  0x00000213308e2630 JavaThread "C2 CompilerThread0"         daemon [_thread_in_native, id=20152, stack(0x000000e728e00000,0x000000e728f00000) (1024K)]
  0x00000213308ee3c0 JavaThread "C1 CompilerThread0"         daemon [_thread_blocked, id=1764, stack(0x000000e728f00000,0x000000e729000000) (1024K)]
  0x0000021333649040 JavaThread "Common-Cleaner"             daemon [_thread_blocked, id=16196, stack(0x000000e729000000,0x000000e729100000) (1024K)]
  0x000002133367ea00 JavaThread "Notification Thread"        daemon [_thread_blocked, id=19588, stack(0x000000e729100000,0x000000e729200000) (1024K)]
  0x0000021379de17e0 JavaThread "Daemon health stats"               [_thread_blocked, id=13276, stack(0x000000e729700000,0x000000e729800000) (1024K)]
  0x0000021379de2500 JavaThread "Incoming local TCP Connector on port 61387"        [_thread_in_native, id=2616, stack(0x000000e729d00000,0x000000e729e00000) (1024K)]
  0x0000021379de1e70 JavaThread "Daemon periodic checks"            [_thread_blocked, id=8012, stack(0x000000e729e00000,0x000000e729f00000) (1024K)]
  0x0000021379f25540 JavaThread "Daemon"                            [_thread_blocked, id=20036, stack(0x000000e729f00000,0x000000e72a000000) (1024K)]
  0x0000021379f22de0 JavaThread "Handler for socket connection from /127.0.0.1:61387 to /127.0.0.1:61388"        [_thread_in_native, id=16588, stack(0x000000e72a000000,0x000000e72a100000) (1024K)]
  0x0000021379f24190 JavaThread "Cancel handler"                    [_thread_blocked, id=18040, stack(0x000000e72a100000,0x000000e72a200000) (1024K)]
  0x0000021379f25bd0 JavaThread "Daemon worker"                     [_thread_in_Java, id=17656, stack(0x000000e72a200000,0x000000e72a300000) (1024K)]
  0x0000021379f24820 JavaThread "Asynchronous log dispatcher for DefaultDaemonConnection: socket connection from /127.0.0.1:61387 to /127.0.0.1:61388"        [_thread_blocked, id=4980, stack(0x000000e72a300000,0x000000e72a400000) (1024K)]
  0x0000021379f23b00 JavaThread "Stdin handler"                     [_thread_blocked, id=968, stack(0x000000e72a400000,0x000000e72a500000) (1024K)]
  0x0000021379f24eb0 JavaThread "Daemon client event forwarder"        [_thread_blocked, id=9020, stack(0x000000e72a500000,0x000000e72a600000) (1024K)]
  0x0000021379f26260 JavaThread "Cache worker for journal cache (C:\Users\USER\.gradle\caches\journal-1)"        [_thread_blocked, id=8040, stack(0x000000e72a600000,0x000000e72a700000) (1024K)]
  0x0000021379f268f0 JavaThread "File lock request listener"        [_thread_in_native, id=8680, stack(0x000000e72a700000,0x000000e72a800000) (1024K)]
  0x0000021379f23470 JavaThread "Cache worker for file hash cache (C:\Users\USER\.gradle\caches\8.14\fileHashes)"        [_thread_blocked, id=10944, stack(0x000000e72a800000,0x000000e72a900000) (1024K)]
  0x0000021379f289c0 JavaThread "Cache worker for file hash cache (D:\NA\aplikasi_kasir\cookies_pos\android\.gradle\8.14\fileHashes)"        [_thread_blocked, id=12956, stack(0x000000e72ac00000,0x000000e72ad00000) (1024K)]
  0x0000021379f29d70 JavaThread "Cache worker for Build Output Cleanup Cache (D:\NA\aplikasi_kasir\cookies_pos\android\.gradle\buildOutputCleanup)"        [_thread_blocked, id=18612, stack(0x000000e72ad00000,0x000000e72ae00000) (1024K)]
  0x0000021379f296e0 JavaThread "File watcher server"        daemon [_thread_in_native, id=16344, stack(0x000000e72ae00000,0x000000e72af00000) (1024K)]
  0x0000021379f29050 JavaThread "File watcher consumer"      daemon [_thread_blocked, id=10364, stack(0x000000e72af00000,0x000000e72b000000) (1024K)]
  0x000002137ca74700 JavaThread "Cache worker for checksums cache (D:\NA\aplikasi_kasir\cookies_pos\android\.gradle\8.14\checksums)"        [_thread_blocked, id=8476, stack(0x000000e729200000,0x000000e729300000) (1024K)]
  0x000002137ca71280 JavaThread "Cache worker for file content cache (C:\Users\USER\.gradle\caches\8.14\fileContent)"        [_thread_blocked, id=18676, stack(0x000000e72a900000,0x000000e72aa00000) (1024K)]
  0x000002137ca74d90 JavaThread "Cache worker for cache directory md-supplier (C:\Users\USER\.gradle\caches\8.14\md-supplier)"        [_thread_blocked, id=18324, stack(0x000000e72b100000,0x000000e72b200000) (1024K)]
  0x000002137ca76e60 JavaThread "Cache worker for cache directory md-rule (C:\Users\USER\.gradle\caches\8.14\md-rule)"        [_thread_blocked, id=6420, stack(0x000000e72b200000,0x000000e72b300000) (1024K)]
  0x000002137ca75ab0 JavaThread "Cache worker for Build Output Cleanup Cache (C:\Flutter\flutter\packages\flutter_tools\gradle\.gradle\buildOutputCleanup)"        [_thread_blocked, id=13188, stack(0x000000e72b300000,0x000000e72b400000) (1024K)]
  0x0000021388260720 JavaThread "Unconstrained build operations"        [_thread_blocked, id=2252, stack(0x000000e72b000000,0x000000e72b100000) (1024K)]
  0x0000021388260db0 JavaThread "Unconstrained build operations Thread 2"        [_thread_blocked, id=7808, stack(0x000000e72b400000,0x000000e72b500000) (1024K)]
  0x0000021388261440 JavaThread "Unconstrained build operations Thread 3"        [_thread_blocked, id=5656, stack(0x000000e72b500000,0x000000e72b600000) (1024K)]
  0x0000021388262160 JavaThread "Unconstrained build operations Thread 4"        [_thread_blocked, id=3280, stack(0x000000e72b600000,0x000000e72b700000) (1024K)]
  0x0000021388261ad0 JavaThread "Unconstrained build operations Thread 5"        [_thread_blocked, id=21408, stack(0x000000e72b700000,0x000000e72b800000) (1024K)]
  0x000002138825fa00 JavaThread "Unconstrained build operations Thread 6"        [_thread_blocked, id=13808, stack(0x000000e72b800000,0x000000e72b900000) (1024K)]
  0x0000021388260090 JavaThread "Unconstrained build operations Thread 7"        [_thread_blocked, id=2328, stack(0x000000e72b900000,0x000000e72ba00000) (1024K)]
  0x000002138825ece0 JavaThread "Unconstrained build operations Thread 8"        [_thread_blocked, id=15032, stack(0x000000e72ba00000,0x000000e72bb00000) (1024K)]
  0x0000021388262e80 JavaThread "Unconstrained build operations Thread 9"        [_thread_blocked, id=8232, stack(0x000000e72bb00000,0x000000e72bc00000) (1024K)]
  0x0000021388263510 JavaThread "Unconstrained build operations Thread 10"        [_thread_blocked, id=6976, stack(0x000000e72bc00000,0x000000e72bd00000) (1024K)]
  0x00000213882627f0 JavaThread "Unconstrained build operations Thread 11"        [_thread_blocked, id=20720, stack(0x000000e72bd00000,0x000000e72be00000) (1024K)]
  0x0000021388263ba0 JavaThread "Unconstrained build operations Thread 12"        [_thread_blocked, id=20620, stack(0x000000e72bf00000,0x000000e72c000000) (1024K)]
  0x00000213882655e0 JavaThread "Unconstrained build operations Thread 13"        [_thread_blocked, id=11464, stack(0x000000e72c000000,0x000000e72c100000) (1024K)]
  0x00000213882648c0 JavaThread "Unconstrained build operations Thread 14"        [_thread_blocked, id=19748, stack(0x000000e72c100000,0x000000e72c200000) (1024K)]
  0x0000021388265c70 JavaThread "Unconstrained build operations Thread 15"        [_thread_blocked, id=3668, stack(0x000000e72c200000,0x000000e72c300000) (1024K)]
  0x0000021388264f50 JavaThread "Unconstrained build operations Thread 16"        [_thread_blocked, id=540, stack(0x000000e72c300000,0x000000e72c400000) (1024K)]
  0x0000021388264230 JavaThread "Unconstrained build operations Thread 17"        [_thread_blocked, id=10680, stack(0x000000e72c400000,0x000000e72c500000) (1024K)]
  0x0000021388266300 JavaThread "Unconstrained build operations Thread 18"        [_thread_blocked, id=20876, stack(0x000000e72c500000,0x000000e72c600000) (1024K)]
  0x00000213882a9cb0 JavaThread "Unconstrained build operations Thread 19"        [_thread_blocked, id=7956, stack(0x000000e72c600000,0x000000e72c700000) (1024K)]
  0x00000213882a9620 JavaThread "Unconstrained build operations Thread 20"        [_thread_blocked, id=17596, stack(0x000000e72c700000,0x000000e72c800000) (1024K)]
  0x00000213882a8f90 JavaThread "Unconstrained build operations Thread 21"        [_thread_blocked, id=19552, stack(0x000000e72c800000,0x000000e72c900000) (1024K)]
  0x00000213882a7550 JavaThread "Unconstrained build operations Thread 22"        [_thread_blocked, id=17060, stack(0x000000e72c900000,0x000000e72ca00000) (1024K)]
  0x00000213882a7be0 JavaThread "Unconstrained build operations Thread 23"        [_thread_blocked, id=4184, stack(0x000000e72ca00000,0x000000e72cb00000) (1024K)]
  0x00000213882aa340 JavaThread "Unconstrained build operations Thread 24"        [_thread_blocked, id=9588, stack(0x000000e72cb00000,0x000000e72cc00000) (1024K)]
  0x00000213882a6ec0 JavaThread "Unconstrained build operations Thread 25"        [_thread_blocked, id=21096, stack(0x000000e72cc00000,0x000000e72cd00000) (1024K)]
  0x00000213882a8270 JavaThread "Unconstrained build operations Thread 26"        [_thread_blocked, id=3096, stack(0x000000e72cd00000,0x000000e72ce00000) (1024K)]
  0x00000213882abd80 JavaThread "Unconstrained build operations Thread 27"        [_thread_blocked, id=16704, stack(0x000000e72ce00000,0x000000e72cf00000) (1024K)]
  0x00000213882a8900 JavaThread "Unconstrained build operations Thread 28"        [_thread_blocked, id=18480, stack(0x000000e72cf00000,0x000000e72d000000) (1024K)]
  0x00000213882ad130 JavaThread "Unconstrained build operations Thread 29"        [_thread_blocked, id=8712, stack(0x000000e72d000000,0x000000e72d100000) (1024K)]
  0x00000213882ad7c0 JavaThread "Unconstrained build operations Thread 30"        [_thread_blocked, id=14928, stack(0x000000e72d100000,0x000000e72d200000) (1024K)]
  0x00000213882ab060 JavaThread "Unconstrained build operations Thread 31"        [_thread_blocked, id=17560, stack(0x000000e72d200000,0x000000e72d300000) (1024K)]
  0x00000213882ade50 JavaThread "Unconstrained build operations Thread 32"        [_thread_blocked, id=10780, stack(0x000000e72d300000,0x000000e72d400000) (1024K)]
  0x00000213882ac410 JavaThread "Unconstrained build operations Thread 33"        [_thread_blocked, id=17588, stack(0x000000e72d400000,0x000000e72d500000) (1024K)]
  0x00000213882ae4e0 JavaThread "Memory manager"                    [_thread_blocked, id=19056, stack(0x000000e72d500000,0x000000e72d600000) (1024K)]
  0x000002137de646b0 JavaThread "build event listener"              [_thread_blocked, id=12612, stack(0x000000e72d700000,0x000000e72d800000) (1024K)]
  0x000002137de681c0 JavaThread "included builds"                   [_thread_blocked, id=3888, stack(0x000000e72d800000,0x000000e72d900000) (1024K)]
  0x000002137de68850 JavaThread "Execution worker"                  [_thread_blocked, id=18388, stack(0x000000e72d900000,0x000000e72da00000) (1024K)]
  0x000002137de67b30 JavaThread "Execution worker Thread 2"         [_thread_blocked, id=14540, stack(0x000000e72da00000,0x000000e72db00000) (1024K)]
  0x000002137de674a0 JavaThread "Execution worker Thread 3"         [_thread_blocked, id=20684, stack(0x000000e72db00000,0x000000e72dc00000) (1024K)]
  0x000002137de68ee0 JavaThread "Execution worker Thread 4"         [_thread_blocked, id=20968, stack(0x000000e72dc00000,0x000000e72dd00000) (1024K)]
  0x0000021387d55550 JavaThread "Execution worker Thread 5"         [_thread_blocked, id=18576, stack(0x000000e72dd00000,0x000000e72de00000) (1024K)]
  0x0000021387d58340 JavaThread "Execution worker Thread 6"         [_thread_blocked, id=14004, stack(0x000000e72de00000,0x000000e72df00000) (1024K)]
  0x0000021387d55be0 JavaThread "Execution worker Thread 7"         [_thread_blocked, id=16284, stack(0x000000e72df00000,0x000000e72e000000) (1024K)]
  0x0000021387d56270 JavaThread "Execution worker Thread 8"         [_thread_blocked, id=8756, stack(0x000000e72e000000,0x000000e72e100000) (1024K)]
  0x0000021387d56900 JavaThread "Execution worker Thread 9"         [_thread_blocked, id=20832, stack(0x000000e72e100000,0x000000e72e200000) (1024K)]
  0x0000021387d56f90 JavaThread "Execution worker Thread 10"        [_thread_blocked, id=14432, stack(0x000000e72e200000,0x000000e72e300000) (1024K)]
  0x0000021387d57620 JavaThread "Execution worker Thread 11"        [_thread_blocked, id=13704, stack(0x000000e72e300000,0x000000e72e400000) (1024K)]
  0x0000021387d57cb0 JavaThread "Cache worker for execution history cache (C:\Flutter\flutter\packages\flutter_tools\gradle\.gradle\8.14\executionHistory)"        [_thread_blocked, id=20792, stack(0x000000e72e400000,0x000000e72e500000) (1024K)]
  0x0000021387d54ec0 JavaThread "Unconstrained build operations Thread 34"        [_thread_blocked, id=10276, stack(0x000000e727f00000,0x000000e728000000) (1024K)]
  0x0000021387d5b7c0 JavaThread "Unconstrained build operations Thread 35"        [_thread_blocked, id=3936, stack(0x000000e72be00000,0x000000e72bf00000) (1024K)]
  0x0000021387d5aaa0 JavaThread "Unconstrained build operations Thread 36"        [_thread_blocked, id=7848, stack(0x000000e72e500000,0x000000e72e600000) (1024K)]
  0x0000021387d5be50 JavaThread "Unconstrained build operations Thread 37"        [_thread_blocked, id=16928, stack(0x000000e72e600000,0x000000e72e700000) (1024K)]
  0x0000021387d59060 JavaThread "Unconstrained build operations Thread 38"        [_thread_blocked, id=16508, stack(0x000000e72e700000,0x000000e72e800000) (1024K)]
  0x0000021387d5b130 JavaThread "Unconstrained build operations Thread 39"        [_thread_blocked, id=7228, stack(0x000000e72e800000,0x000000e72e900000) (1024K)]
  0x0000021387d589d0 JavaThread "Unconstrained build operations Thread 40"        [_thread_blocked, id=11344, stack(0x000000e72e900000,0x000000e72ea00000) (1024K)]
  0x0000021387d5a410 JavaThread "Unconstrained build operations Thread 41"        [_thread_blocked, id=12864, stack(0x000000e72ea00000,0x000000e72eb00000) (1024K)]
  0x0000021387d5c4e0 JavaThread "Unconstrained build operations Thread 42"        [_thread_blocked, id=11328, stack(0x000000e72eb00000,0x000000e72ec00000) (1024K)]
  0x0000021387d596f0 JavaThread "Unconstrained build operations Thread 43"        [_thread_blocked, id=14344, stack(0x000000e72ec00000,0x000000e72ed00000) (1024K)]
  0x0000021387d59d80 JavaThread "Unconstrained build operations Thread 44"        [_thread_blocked, id=19144, stack(0x000000e72ed00000,0x000000e72ee00000) (1024K)]
  0x000002137e803280 JavaThread "Unconstrained build operations Thread 45"        [_thread_blocked, id=10084, stack(0x000000e72ee00000,0x000000e72ef00000) (1024K)]
  0x000002137e8011b0 JavaThread "Unconstrained build operations Thread 46"        [_thread_blocked, id=5704, stack(0x000000e72ef00000,0x000000e72f000000) (1024K)]
  0x000002137e801840 JavaThread "Unconstrained build operations Thread 47"        [_thread_blocked, id=10840, stack(0x000000e72f000000,0x000000e72f100000) (1024K)]
  0x000002137e801ed0 JavaThread "Unconstrained build operations Thread 48"        [_thread_blocked, id=4292, stack(0x000000e72f100000,0x000000e72f200000) (1024K)]
  0x000002137e802560 JavaThread "Unconstrained build operations Thread 49"        [_thread_blocked, id=16080, stack(0x000000e72f200000,0x000000e72f300000) (1024K)]
  0x000002137e802bf0 JavaThread "Unconstrained build operations Thread 50"        [_thread_blocked, id=11024, stack(0x000000e72f300000,0x000000e72f400000) (1024K)]
  0x000002137e803910 JavaThread "Unconstrained build operations Thread 51"        [_thread_blocked, id=14100, stack(0x000000e72f400000,0x000000e72f500000) (1024K)]
  0x000002137e800490 JavaThread "Unconstrained build operations Thread 52"        [_thread_blocked, id=13940, stack(0x000000e72f500000,0x000000e72f600000) (1024K)]
  0x000002137e803fa0 JavaThread "Unconstrained build operations Thread 53"        [_thread_blocked, id=10016, stack(0x000000e72f600000,0x000000e72f700000) (1024K)]
  0x000002137e800b20 JavaThread "Unconstrained build operations Thread 54"        [_thread_blocked, id=2968, stack(0x000000e72f700000,0x000000e72f800000) (1024K)]
  0x000002137e8059e0 JavaThread "Unconstrained build operations Thread 55"        [_thread_blocked, id=18724, stack(0x000000e72f800000,0x000000e72f900000) (1024K)]
  0x000002137e806d90 JavaThread "Unconstrained build operations Thread 56"        [_thread_blocked, id=14036, stack(0x000000e72f900000,0x000000e72fa00000) (1024K)]
  0x000002137e806070 JavaThread "Unconstrained build operations Thread 57"        [_thread_blocked, id=5828, stack(0x000000e72fa00000,0x000000e72fb00000) (1024K)]
  0x000002137e804cc0 JavaThread "Unconstrained build operations Thread 58"        [_thread_blocked, id=5964, stack(0x000000e72fb00000,0x000000e72fc00000) (1024K)]
  0x000002137e805350 JavaThread "Unconstrained build operations Thread 59"        [_thread_blocked, id=20280, stack(0x000000e72fc00000,0x000000e72fd00000) (1024K)]
  0x000002137e807420 JavaThread "Unconstrained build operations Thread 60"        [_thread_blocked, id=8672, stack(0x000000e72fd00000,0x000000e72fe00000) (1024K)]
  0x000002137e807ab0 JavaThread "Unconstrained build operations Thread 61"        [_thread_blocked, id=14780, stack(0x000000e72fe00000,0x000000e72ff00000) (1024K)]
  0x000002137e804630 JavaThread "Unconstrained build operations Thread 62"        [_thread_blocked, id=2932, stack(0x000000e72ff00000,0x000000e730000000) (1024K)]
  0x000002137e806700 JavaThread "Unconstrained build operations Thread 63"        [_thread_blocked, id=17984, stack(0x000000e730000000,0x000000e730100000) (1024K)]
  0x000002137d9512c0 JavaThread "Unconstrained build operations Thread 64"        [_thread_blocked, id=1264, stack(0x000000e730100000,0x000000e730200000) (1024K)]
  0x000002137d952670 JavaThread "Unconstrained build operations Thread 65"        [_thread_blocked, id=6424, stack(0x000000e730200000,0x000000e730300000) (1024K)]
  0x000002137d952d00 JavaThread "Unconstrained build operations Thread 66"        [_thread_blocked, id=8092, stack(0x000000e730300000,0x000000e730400000) (1024K)]
  0x000002137d951950 JavaThread "Unconstrained build operations Thread 67"        [_thread_blocked, id=20128, stack(0x000000e730500000,0x000000e730600000) (1024K)]
  0x000002137d951fe0 JavaThread "Unconstrained build operations Thread 68"        [_thread_blocked, id=17916, stack(0x000000e730600000,0x000000e730700000) (1024K)]
  0x000002137d9505a0 JavaThread "WorkerExecutor Queue"              [_thread_blocked, id=7432, stack(0x000000e730800000,0x000000e730900000) (1024K)]
  0x000002137d9540b0 JavaThread "RMI Scheduler(0)"           daemon [_thread_blocked, id=20784, stack(0x000000e730400000,0x000000e730500000) (1024K)]
  0x000002137d954740 JavaThread "RMI GC Daemon"              daemon [_thread_blocked, id=14616, stack(0x000000e730900000,0x000000e730a00000) (1024K)]
  0x000002137d954dd0 JavaThread "RMI TCP Accept-0"           daemon [_thread_in_native, id=14144, stack(0x000000e730a00000,0x000000e730b00000) (1024K)]
  0x000002137d956ea0 JavaThread "RMI Reaper"                        [_thread_blocked, id=18756, stack(0x000000e730b00000,0x000000e730c00000) (1024K)]
  0x000002137d955460 JavaThread "RMI TCP Connection(idle)"   daemon [_thread_blocked, id=7856, stack(0x000000e730c00000,0x000000e730d00000) (1024K)]
  0x000002137d955af0 JavaThread "Unconstrained build operations Thread 69"        [_thread_blocked, id=9500, stack(0x000000e730e00000,0x000000e730f00000) (1024K)]
  0x000002137d956810 JavaThread "Unconstrained build operations Thread 70"        [_thread_blocked, id=12296, stack(0x000000e730f00000,0x000000e731000000) (1024K)]
  0x000002137d956180 JavaThread "Unconstrained build operations Thread 71"        [_thread_blocked, id=6436, stack(0x000000e731000000,0x000000e731100000) (1024K)]
  0x000002137f24f9a0 JavaThread "Unconstrained build operations Thread 72"        [_thread_blocked, id=6940, stack(0x000000e731100000,0x000000e731200000) (1024K)]
  0x000002137f24cbb0 JavaThread "Unconstrained build operations Thread 73"        [_thread_blocked, id=19548, stack(0x000000e731200000,0x000000e731300000) (1024K)]
  0x000002137f24df60 JavaThread "Unconstrained build operations Thread 74"        [_thread_blocked, id=12624, stack(0x000000e731300000,0x000000e731400000) (1024K)]
  0x000002137f24e5f0 JavaThread "Unconstrained build operations Thread 75"        [_thread_blocked, id=1944, stack(0x000000e731400000,0x000000e731500000) (1024K)]
  0x000002137f2506c0 JavaThread "Unconstrained build operations Thread 76"        [_thread_blocked, id=20468, stack(0x000000e731500000,0x000000e731600000) (1024K)]
  0x000002137f24f310 JavaThread "Unconstrained build operations Thread 77"        [_thread_blocked, id=10952, stack(0x000000e731600000,0x000000e731700000) (1024K)]
  0x000002137f24d240 JavaThread "Unconstrained build operations Thread 78"        [_thread_blocked, id=10760, stack(0x000000e731700000,0x000000e731800000) (1024K)]
  0x000002137f250d50 JavaThread "Unconstrained build operations Thread 79"        [_thread_blocked, id=11220, stack(0x000000e731800000,0x000000e731900000) (1024K)]
  0x000002137f24d8d0 JavaThread "Unconstrained build operations Thread 80"        [_thread_blocked, id=14424, stack(0x000000e731900000,0x000000e731a00000) (1024K)]
  0x000002137f250030 JavaThread "Unconstrained build operations Thread 81"        [_thread_blocked, id=4608, stack(0x000000e731a00000,0x000000e731b00000) (1024K)]
  0x000002137f252100 JavaThread "Unconstrained build operations Thread 82"        [_thread_blocked, id=20512, stack(0x000000e731b00000,0x000000e731c00000) (1024K)]
  0x000002137f2513e0 JavaThread "Unconstrained build operations Thread 83"        [_thread_blocked, id=17140, stack(0x000000e731c00000,0x000000e731d00000) (1024K)]
  0x000002137f251a70 JavaThread "Unconstrained build operations Thread 84"        [_thread_blocked, id=7204, stack(0x000000e731e00000,0x000000e731f00000) (1024K)]
  0x000002137f24ec80 JavaThread "Unconstrained build operations Thread 85"        [_thread_blocked, id=15364, stack(0x000000e731f00000,0x000000e732000000) (1024K)]
  0x000002137f2541d0 JavaThread "Unconstrained build operations Thread 86"        [_thread_blocked, id=8552, stack(0x000000e732000000,0x000000e732100000) (1024K)]
  0x000002137f254ef0 JavaThread "Unconstrained build operations Thread 87"        [_thread_blocked, id=3836, stack(0x000000e732100000,0x000000e732200000) (1024K)]
  0x000002137f255c10 JavaThread "Unconstrained build operations Thread 88"        [_thread_blocked, id=18344, stack(0x000000e732200000,0x000000e732300000) (1024K)]
  0x000002137f255580 JavaThread "Unconstrained build operations Thread 89"        [_thread_blocked, id=7784, stack(0x000000e732300000,0x000000e732400000) (1024K)]
  0x000002137f254860 JavaThread "Unconstrained build operations Thread 90"        [_thread_blocked, id=20664, stack(0x000000e732400000,0x000000e732500000) (1024K)]
  0x000002137f252790 JavaThread "Unconstrained build operations Thread 91"        [_thread_blocked, id=6660, stack(0x000000e730700000,0x000000e730800000) (1024K)]
  0x000002137f2562a0 JavaThread "Unconstrained build operations Thread 92"        [_thread_blocked, id=16796, stack(0x000000e732500000,0x000000e732600000) (1024K)]
  0x000002137f252e20 JavaThread "Unconstrained build operations Thread 93"        [_thread_blocked, id=14116, stack(0x000000e732600000,0x000000e732700000) (1024K)]
  0x000002137f253b40 JavaThread "Unconstrained build operations Thread 94"        [_thread_blocked, id=9572, stack(0x000000e732700000,0x000000e732800000) (1024K)]
  0x000002137f256930 JavaThread "Unconstrained build operations Thread 95"        [_thread_blocked, id=16992, stack(0x000000e732800000,0x000000e732900000) (1024K)]
  0x000002137f2534b0 JavaThread "Unconstrained build operations Thread 96"        [_thread_blocked, id=4816, stack(0x000000e732900000,0x000000e732a00000) (1024K)]
  0x000002137f257650 JavaThread "Unconstrained build operations Thread 97"        [_thread_blocked, id=10432, stack(0x000000e732a00000,0x000000e732b00000) (1024K)]
  0x000002137f259720 JavaThread "Unconstrained build operations Thread 98"        [_thread_blocked, id=4316, stack(0x000000e732b00000,0x000000e732c00000) (1024K)]
  0x000002137f257ce0 JavaThread "Unconstrained build operations Thread 99"        [_thread_blocked, id=1960, stack(0x000000e732c00000,0x000000e732d00000) (1024K)]
  0x000002137f25a440 JavaThread "Unconstrained build operations Thread 100"        [_thread_blocked, id=8020, stack(0x000000e732d00000,0x000000e732e00000) (1024K)]
  0x000002137f258a00 JavaThread "Unconstrained build operations Thread 101"        [_thread_blocked, id=8296, stack(0x000000e732e00000,0x000000e732f00000) (1024K)]
  0x00000213874cf450 JavaThread "Kotlin DSL Writer"                 [_thread_blocked, id=1892, stack(0x000000e732f00000,0x000000e733000000) (1024K)]
  0x00000213874d1520 JavaThread "build event listener"              [_thread_blocked, id=1608, stack(0x000000e727e00000,0x000000e727f00000) (1024K)]
=>0x00000213878ab0c0 JavaThread "C2 CompilerThread1"         daemon [_thread_in_native, id=20332, stack(0x000000e731d00000,0x000000e731e00000) (1024K)]
Total: 158

Other Threads:
  0x00000213308b8f30 VMThread "VM Thread"                           [id=20228, stack(0x000000e728700000,0x000000e728800000) (1024K)]
  0x00000213308a74f0 WatcherThread "VM Periodic Task Thread"        [id=18236, stack(0x000000e728600000,0x000000e728700000) (1024K)]
  0x000002130103c0a0 WorkerThread "GC Thread#0"                     [id=16756, stack(0x000000e728100000,0x000000e728200000) (1024K)]
  0x00000213336e49f0 WorkerThread "GC Thread#1"                     [id=1720, stack(0x000000e729300000,0x000000e729400000) (1024K)]
  0x000002133377b420 WorkerThread "GC Thread#2"                     [id=17660, stack(0x000000e729400000,0x000000e729500000) (1024K)]
  0x00000213791098f0 WorkerThread "GC Thread#3"                     [id=18412, stack(0x000000e729500000,0x000000e729600000) (1024K)]
  0x0000021379109ca0 WorkerThread "GC Thread#4"                     [id=7452, stack(0x000000e729600000,0x000000e729700000) (1024K)]
  0x0000021379e0b760 WorkerThread "GC Thread#5"                     [id=19936, stack(0x000000e729800000,0x000000e729900000) (1024K)]
  0x0000021379e0bb10 WorkerThread "GC Thread#6"                     [id=11416, stack(0x000000e729900000,0x000000e729a00000) (1024K)]
  0x0000021379e0bec0 WorkerThread "GC Thread#7"                     [id=5912, stack(0x000000e729a00000,0x000000e729b00000) (1024K)]
  0x0000021379e0ca50 WorkerThread "GC Thread#8"                     [id=20348, stack(0x000000e729b00000,0x000000e729c00000) (1024K)]
  0x0000021379e0dd10 WorkerThread "GC Thread#9"                     [id=6352, stack(0x000000e729c00000,0x000000e729d00000) (1024K)]
  0x000002130104cfa0 ConcurrentGCThread "G1 Main Marker"            [id=10772, stack(0x000000e728200000,0x000000e728300000) (1024K)]
  0x000002130104e840 WorkerThread "G1 Conc#0"                       [id=14488, stack(0x000000e728300000,0x000000e728400000) (1024K)]
  0x000002137bb45770 WorkerThread "G1 Conc#1"                       [id=19716, stack(0x000000e72aa00000,0x000000e72ab00000) (1024K)]
  0x000002137bb448b0 WorkerThread "G1 Conc#2"                       [id=15528, stack(0x000000e72ab00000,0x000000e72ac00000) (1024K)]
  0x00000213307721b0 ConcurrentGCThread "G1 Refine#0"               [id=8736, stack(0x000000e728400000,0x000000e728500000) (1024K)]
  0x0000021330774710 ConcurrentGCThread "G1 Service"                [id=20324, stack(0x000000e728500000,0x000000e728600000) (1024K)]
Total: 18

Threads with active compile tasks:
C2 CompilerThread0  120191 25037       4       java.nio.file.Files::newByteChannel (36 bytes)
C2 CompilerThread1  120192 25022       4       org.gradle.internal.fingerprint.classpath.impl.ClasspathFingerprintingStrategy$ClasspathFingerprintingVisitor::visitEntry (20 bytes)
Total: 2

VM state: not at safepoint (normal execution)

VM Mutex/Monitor currently owned by a thread: None

Heap address: 0x0000000600000000, size: 8192 MB, Compressed Oops mode: Zero based, Oop shift amount: 3

CDS archive(s) mapped at: [0x0000021334000000-0x0000021334ba0000-0x0000021334ba0000), size 12189696, SharedBaseAddress: 0x0000021334000000, ArchiveRelocationMode: 1.
Compressed class space mapped at: 0x0000021335000000-0x0000021375000000, reserved size: 1073741824
Narrow klass base: 0x0000021334000000, Narrow klass shift: 0, Narrow klass range: 0x100000000

GC Precious Log:
 CardTable entry size: 512
 Card Set container configuration: InlinePtr #cards 4 size 8 Array Of Cards #cards 32 size 80 Howl #buckets 8 coarsen threshold 7372 Howl Bitmap #cards 1024 size 144 coarsen threshold 921 Card regions per heap region 1 cards per card region 8192
 CPUs: 12 total, 12 available
 Memory: 7930M
 Large Page Support: Disabled
 NUMA Support: Disabled
 Compressed Oops: Enabled (Zero based)
 Heap Region Size: 4M
 Heap Min Capacity: 8M
 Heap Initial Capacity: 124M
 Heap Max Capacity: 8G
 Pre-touch: Disabled
 Parallel Workers: 10
 Concurrent Workers: 3
 Concurrent Refinement Workers: 10
 Periodic GC: Disabled

Heap:
 garbage-first heap   total 368640K, used 255991K [0x0000000600000000, 0x0000000800000000)
  region size 4096K, 13 young (53248K), 2 survivors (8192K)
 Metaspace       used 183025K, committed 185984K, reserved 1245184K
  class space    used 24060K, committed 25536K, reserved 1048576K

Heap Regions: E=young(eden), S=young(survivor), O=old, HS=humongous(starts), HC=humongous(continues), CS=collection set, F=free, TAMS=top-at-mark-start, PB=parsable bottom
|   0|0x0000000600000000, 0x0000000600400000, 0x0000000600400000|100%|HS|  |TAMS 0x0000000600000000| PB 0x0000000600000000| Complete 
|   1|0x0000000600400000, 0x0000000600800000, 0x0000000600800000|100%| O|  |TAMS 0x0000000600400000| PB 0x0000000600400000| Untracked 
|   2|0x0000000600800000, 0x0000000600c00000, 0x0000000600c00000|100%| O|  |TAMS 0x0000000600800000| PB 0x0000000600800000| Untracked 
|   3|0x0000000600c00000, 0x0000000601000000, 0x0000000601000000|100%| O|  |TAMS 0x0000000600c00000| PB 0x0000000600c00000| Untracked 
|   4|0x0000000601000000, 0x0000000601400000, 0x0000000601400000|100%| O|  |TAMS 0x0000000601000000| PB 0x0000000601000000| Untracked 
|   5|0x0000000601400000, 0x0000000601800000, 0x0000000601800000|100%| O|  |TAMS 0x0000000601400000| PB 0x0000000601400000| Untracked 
|   6|0x0000000601800000, 0x0000000601c00000, 0x0000000601c00000|100%| O|  |TAMS 0x0000000601800000| PB 0x0000000601800000| Untracked 
|   7|0x0000000601c00000, 0x0000000602000000, 0x0000000602000000|100%| O|  |TAMS 0x0000000601c00000| PB 0x0000000601c00000| Untracked 
|   8|0x0000000602000000, 0x0000000602400000, 0x0000000602400000|100%| O|  |TAMS 0x0000000602000000| PB 0x0000000602000000| Untracked 
|   9|0x0000000602400000, 0x0000000602800000, 0x0000000602800000|100%| O|  |TAMS 0x0000000602400000| PB 0x0000000602400000| Untracked 
|  10|0x0000000602800000, 0x0000000602c00000, 0x0000000602c00000|100%| O|  |TAMS 0x0000000602800000| PB 0x0000000602800000| Untracked 
|  11|0x0000000602c00000, 0x0000000603000000, 0x0000000603000000|100%| O|  |TAMS 0x0000000602c00000| PB 0x0000000602c00000| Untracked 
|  12|0x0000000603000000, 0x0000000603400000, 0x0000000603400000|100%| O|  |TAMS 0x0000000603000000| PB 0x0000000603000000| Untracked 
|  13|0x0000000603400000, 0x0000000603800000, 0x0000000603800000|100%| O|  |TAMS 0x0000000603400000| PB 0x0000000603400000| Untracked 
|  14|0x0000000603800000, 0x0000000603c00000, 0x0000000603c00000|100%| O|  |TAMS 0x0000000603800000| PB 0x0000000603800000| Untracked 
|  15|0x0000000603c00000, 0x0000000604000000, 0x0000000604000000|100%| O|  |TAMS 0x0000000603c00000| PB 0x0000000603c00000| Untracked 
|  16|0x0000000604000000, 0x0000000604400000, 0x0000000604400000|100%| O|  |TAMS 0x0000000604000000| PB 0x0000000604000000| Untracked 
|  17|0x0000000604400000, 0x0000000604800000, 0x0000000604800000|100%| O|  |TAMS 0x0000000604400000| PB 0x0000000604400000| Untracked 
|  18|0x0000000604800000, 0x0000000604c00000, 0x0000000604c00000|100%|HS|  |TAMS 0x0000000604800000| PB 0x0000000604800000| Complete 
|  19|0x0000000604c00000, 0x0000000605000000, 0x0000000605000000|100%| O|  |TAMS 0x0000000604c00000| PB 0x0000000604c00000| Untracked 
|  20|0x0000000605000000, 0x0000000605400000, 0x0000000605400000|100%| O|  |TAMS 0x0000000605000000| PB 0x0000000605000000| Untracked 
|  21|0x0000000605400000, 0x0000000605800000, 0x0000000605800000|100%|HS|  |TAMS 0x0000000605400000| PB 0x0000000605400000| Complete 
|  22|0x0000000605800000, 0x0000000605c00000, 0x0000000605c00000|100%| O|  |TAMS 0x0000000605800000| PB 0x0000000605800000| Untracked 
|  23|0x0000000605c00000, 0x0000000606000000, 0x0000000606000000|100%| O|  |TAMS 0x0000000605c00000| PB 0x0000000605c00000| Untracked 
|  24|0x0000000606000000, 0x0000000606400000, 0x0000000606400000|100%| O|  |TAMS 0x0000000606000000| PB 0x0000000606000000| Untracked 
|  25|0x0000000606400000, 0x0000000606800000, 0x0000000606800000|100%| O|  |TAMS 0x0000000606400000| PB 0x0000000606400000| Untracked 
|  26|0x0000000606800000, 0x0000000606c00000, 0x0000000606c00000|100%| O|  |TAMS 0x0000000606800000| PB 0x0000000606800000| Untracked 
|  27|0x0000000606c00000, 0x0000000607000000, 0x0000000607000000|100%| O|  |TAMS 0x0000000606c00000| PB 0x0000000606c00000| Untracked 
|  28|0x0000000607000000, 0x0000000607400000, 0x0000000607400000|100%| O|  |TAMS 0x0000000607000000| PB 0x0000000607000000| Untracked 
|  29|0x0000000607400000, 0x0000000607800000, 0x0000000607800000|100%| O|  |TAMS 0x0000000607400000| PB 0x0000000607400000| Untracked 
|  30|0x0000000607800000, 0x0000000607c00000, 0x0000000607c00000|100%| O|  |TAMS 0x0000000607800000| PB 0x0000000607800000| Untracked 
|  31|0x0000000607c00000, 0x0000000608000000, 0x0000000608000000|100%|HS|  |TAMS 0x0000000607c00000| PB 0x0000000607c00000| Complete 
|  32|0x0000000608000000, 0x0000000608400000, 0x0000000608400000|100%|HC|  |TAMS 0x0000000608000000| PB 0x0000000608000000| Complete 
|  33|0x0000000608400000, 0x0000000608800000, 0x0000000608800000|100%| O|  |TAMS 0x0000000608400000| PB 0x0000000608400000| Untracked 
|  34|0x0000000608800000, 0x0000000608c00000, 0x0000000608c00000|100%| O|  |TAMS 0x0000000608800000| PB 0x0000000608800000| Untracked 
|  35|0x0000000608c00000, 0x0000000609000000, 0x0000000609000000|100%| O|  |TAMS 0x0000000608c00000| PB 0x0000000608c00000| Untracked 
|  36|0x0000000609000000, 0x00000006090ec9b8, 0x0000000609400000| 23%| O|  |TAMS 0x0000000609000000| PB 0x0000000609000000| Untracked 
|  37|0x0000000609400000, 0x0000000609800000, 0x0000000609800000|100%| O|  |TAMS 0x0000000609400000| PB 0x0000000609400000| Untracked 
|  38|0x0000000609800000, 0x0000000609800000, 0x0000000609c00000|  0%| F|  |TAMS 0x0000000609800000| PB 0x0000000609800000| Untracked 
|  39|0x0000000609c00000, 0x000000060a000000, 0x000000060a000000|100%| O|  |TAMS 0x0000000609c00000| PB 0x0000000609c00000| Untracked 
|  40|0x000000060a000000, 0x000000060a400000, 0x000000060a400000|100%| O|  |TAMS 0x000000060a000000| PB 0x000000060a000000| Untracked 
|  41|0x000000060a400000, 0x000000060a800000, 0x000000060a800000|100%| O|  |TAMS 0x000000060a400000| PB 0x000000060a400000| Untracked 
|  42|0x000000060a800000, 0x000000060ac00000, 0x000000060ac00000|100%| O|  |TAMS 0x000000060a800000| PB 0x000000060a800000| Untracked 
|  43|0x000000060ac00000, 0x000000060b000000, 0x000000060b000000|100%| O|  |TAMS 0x000000060ac00000| PB 0x000000060ac00000| Untracked 
|  44|0x000000060b000000, 0x000000060b400000, 0x000000060b400000|100%| O|  |TAMS 0x000000060b000000| PB 0x000000060b000000| Untracked 
|  45|0x000000060b400000, 0x000000060b400000, 0x000000060b800000|  0%| F|  |TAMS 0x000000060b400000| PB 0x000000060b400000| Untracked 
|  46|0x000000060b800000, 0x000000060b911350, 0x000000060bc00000| 26%| S|CS|TAMS 0x000000060b800000| PB 0x000000060b800000| Complete 
|  47|0x000000060bc00000, 0x000000060c000000, 0x000000060c000000|100%| S|CS|TAMS 0x000000060bc00000| PB 0x000000060bc00000| Complete 
|  48|0x000000060c000000, 0x000000060c000000, 0x000000060c400000|  0%| F|  |TAMS 0x000000060c000000| PB 0x000000060c000000| Untracked 
|  49|0x000000060c400000, 0x000000060c400000, 0x000000060c800000|  0%| F|  |TAMS 0x000000060c400000| PB 0x000000060c400000| Untracked 
|  50|0x000000060c800000, 0x000000060c800000, 0x000000060cc00000|  0%| F|  |TAMS 0x000000060c800000| PB 0x000000060c800000| Untracked 
|  51|0x000000060cc00000, 0x000000060cc00000, 0x000000060d000000|  0%| F|  |TAMS 0x000000060cc00000| PB 0x000000060cc00000| Untracked 
|  52|0x000000060d000000, 0x000000060d000000, 0x000000060d400000|  0%| F|  |TAMS 0x000000060d000000| PB 0x000000060d000000| Untracked 
|  53|0x000000060d400000, 0x000000060d400000, 0x000000060d800000|  0%| F|  |TAMS 0x000000060d400000| PB 0x000000060d400000| Untracked 
|  54|0x000000060d800000, 0x000000060d800000, 0x000000060dc00000|  0%| F|  |TAMS 0x000000060d800000| PB 0x000000060d800000| Untracked 
|  55|0x000000060dc00000, 0x000000060dc00000, 0x000000060e000000|  0%| F|  |TAMS 0x000000060dc00000| PB 0x000000060dc00000| Untracked 
|  56|0x000000060e000000, 0x000000060e000000, 0x000000060e400000|  0%| F|  |TAMS 0x000000060e000000| PB 0x000000060e000000| Untracked 
|  57|0x000000060e400000, 0x000000060e400000, 0x000000060e800000|  0%| F|  |TAMS 0x000000060e400000| PB 0x000000060e400000| Untracked 
|  58|0x000000060e800000, 0x000000060e800000, 0x000000060ec00000|  0%| F|  |TAMS 0x000000060e800000| PB 0x000000060e800000| Untracked 
|  59|0x000000060ec00000, 0x000000060ec00000, 0x000000060f000000|  0%| F|  |TAMS 0x000000060ec00000| PB 0x000000060ec00000| Untracked 
|  60|0x000000060f000000, 0x000000060f000000, 0x000000060f400000|  0%| F|  |TAMS 0x000000060f000000| PB 0x000000060f000000| Untracked 
|  61|0x000000060f400000, 0x000000060f400000, 0x000000060f800000|  0%| F|  |TAMS 0x000000060f400000| PB 0x000000060f400000| Untracked 
|  62|0x000000060f800000, 0x000000060f800000, 0x000000060fc00000|  0%| F|  |TAMS 0x000000060f800000| PB 0x000000060f800000| Untracked 
|  63|0x000000060fc00000, 0x000000060fc00000, 0x0000000610000000|  0%| F|  |TAMS 0x000000060fc00000| PB 0x000000060fc00000| Untracked 
|  64|0x0000000610000000, 0x0000000610000000, 0x0000000610400000|  0%| F|  |TAMS 0x0000000610000000| PB 0x0000000610000000| Untracked 
|  65|0x0000000610400000, 0x0000000610400000, 0x0000000610800000|  0%| F|  |TAMS 0x0000000610400000| PB 0x0000000610400000| Untracked 
|  66|0x0000000610800000, 0x0000000610800000, 0x0000000610c00000|  0%| F|  |TAMS 0x0000000610800000| PB 0x0000000610800000| Untracked 
|  67|0x0000000610c00000, 0x0000000610c00000, 0x0000000611000000|  0%| F|  |TAMS 0x0000000610c00000| PB 0x0000000610c00000| Untracked 
|  68|0x0000000611000000, 0x0000000611000000, 0x0000000611400000|  0%| F|  |TAMS 0x0000000611000000| PB 0x0000000611000000| Untracked 
|  69|0x0000000611400000, 0x0000000611400000, 0x0000000611800000|  0%| F|  |TAMS 0x0000000611400000| PB 0x0000000611400000| Untracked 
|  70|0x0000000611800000, 0x0000000611800000, 0x0000000611c00000|  0%| F|  |TAMS 0x0000000611800000| PB 0x0000000611800000| Untracked 
|  71|0x0000000611c00000, 0x0000000612000000, 0x0000000612000000|100%| E|  |TAMS 0x0000000611c00000| PB 0x0000000611c00000| Complete 
|  72|0x0000000612000000, 0x0000000612400000, 0x0000000612400000|100%| E|CS|TAMS 0x0000000612000000| PB 0x0000000612000000| Complete 
|  73|0x0000000612400000, 0x0000000612800000, 0x0000000612800000|100%| E|CS|TAMS 0x0000000612400000| PB 0x0000000612400000| Complete 
|  74|0x0000000612800000, 0x0000000612c00000, 0x0000000612c00000|100%| E|CS|TAMS 0x0000000612800000| PB 0x0000000612800000| Complete 
|  75|0x0000000612c00000, 0x0000000613000000, 0x0000000613000000|100%| E|CS|TAMS 0x0000000612c00000| PB 0x0000000612c00000| Complete 
|  76|0x0000000613000000, 0x0000000613400000, 0x0000000613400000|100%| E|CS|TAMS 0x0000000613000000| PB 0x0000000613000000| Complete 
|  77|0x0000000613400000, 0x0000000613800000, 0x0000000613800000|100%| E|CS|TAMS 0x0000000613400000| PB 0x0000000613400000| Complete 
|  78|0x0000000613800000, 0x0000000613c00000, 0x0000000613c00000|100%| E|CS|TAMS 0x0000000613800000| PB 0x0000000613800000| Complete 
|  79|0x0000000613c00000, 0x0000000614000000, 0x0000000614000000|100%| E|CS|TAMS 0x0000000613c00000| PB 0x0000000613c00000| Complete 
|2038|0x00000007fd800000, 0x00000007fdc00000, 0x00000007fdc00000|100%| O|Cm|TAMS 0x00000007fd800000| PB 0x00000007fd800000| Complete 
|2039|0x00000007fdc00000, 0x00000007fe000000, 0x00000007fe000000|100%| O|  |TAMS 0x00000007fdc00000| PB 0x00000007fdc00000| Untracked 
|2040|0x00000007fe000000, 0x00000007fe400000, 0x00000007fe400000|100%| O|  |TAMS 0x00000007fe000000| PB 0x00000007fe000000| Untracked 
|2041|0x00000007fe400000, 0x00000007fe800000, 0x00000007fe800000|100%| O|  |TAMS 0x00000007fe400000| PB 0x00000007fe400000| Untracked 
|2042|0x00000007fe800000, 0x00000007fec00000, 0x00000007fec00000|100%| E|CS|TAMS 0x00000007fe800000| PB 0x00000007fe800000| Complete 
|2043|0x00000007fec00000, 0x00000007ff000000, 0x00000007ff000000|100%| O|Cm|TAMS 0x00000007fec00000| PB 0x00000007fec00000| Complete 
|2044|0x00000007ff000000, 0x00000007ff400000, 0x00000007ff400000|100%| O|  |TAMS 0x00000007ff000000| PB 0x00000007ff000000| Untracked 
|2045|0x00000007ff400000, 0x00000007ff800000, 0x00000007ff800000|100%| O|  |TAMS 0x00000007ff400000| PB 0x00000007ff400000| Untracked 
|2046|0x00000007ff800000, 0x00000007ffc00000, 0x00000007ffc00000|100%| E|CS|TAMS 0x00000007ff800000| PB 0x00000007ff800000| Complete 
|2047|0x00000007ffc00000, 0x0000000800000000, 0x0000000800000000|100%| O|  |TAMS 0x00000007ffc00000| PB 0x00000007ffc00000| Untracked 

Card table byte_map: [0x0000021327660000,0x0000021328660000] _byte_map_base: 0x0000021324660000

Marking Bits: (CMBitMap*) 0x000002130103c6c0
 Bits: [0x0000021328660000, 0x0000021330660000)

Polling page: 0x0000021300d00000

Metaspace:

Usage:
  Non-class:    155.24 MB used.
      Class:     23.50 MB used.
       Both:    178.74 MB used.

Virtual space:
  Non-class space:      192.00 MB reserved,     156.69 MB ( 82%) committed,  3 nodes.
      Class space:        1.00 GB reserved,      24.94 MB (  2%) committed,  1 nodes.
             Both:        1.19 GB reserved,     181.62 MB ( 15%) committed. 

Chunk freelists:
   Non-Class:  3.15 MB
       Class:  7.11 MB
        Both:  10.26 MB

MaxMetaspaceSize: 4.00 GB
CompressedClassSpaceSize: 1.00 GB
Initial GC threshold: 21.00 MB
Current GC threshold: 301.81 MB
CDS: on
 - commit_granule_bytes: 65536.
 - commit_granule_words: 8192.
 - virtual_space_node_default_size: 8388608.
 - enlarge_chunks_in_place: 1.
 - use_allocation_guard: 0.


Internal statistics:

num_allocs_failed_limit: 9.
num_arena_births: 5518.
num_arena_deaths: 0.
num_vsnodes_births: 4.
num_vsnodes_deaths: 0.
num_space_committed: 2904.
num_space_uncommitted: 0.
num_chunks_returned_to_freelist: 9.
num_chunks_taken_from_freelist: 13308.
num_chunk_merges: 9.
num_chunk_splits: 9218.
num_chunks_enlarged: 6335.
num_inconsistent_stats: 0.

CodeHeap 'non-profiled nmethods': size=259264Kb used=13744Kb max_used=13949Kb free=245519Kb
 bounds [0x0000021315a80000, 0x0000021316820000, 0x00000213257b0000]
CodeHeap 'profiled nmethods': size=259264Kb used=46512Kb max_used=48007Kb free=212751Kb
 bounds [0x00000213057b0000, 0x00000213086a0000, 0x00000213154e0000]
CodeHeap 'non-nmethods': size=5760Kb used=2360Kb max_used=2404Kb free=3400Kb
 bounds [0x00000213154e0000, 0x0000021315750000, 0x0000021315a80000]
CodeCache: size=524288Kb, used=62616Kb, max_used=64360Kb, free=461670Kb
 total_blobs=21039, nmethods=19872, adapters=1067, full_count=0
Compilation: enabled, stopped_count=0, restarted_count=0

Compilation events (20 events):
Event: 119.088 Thread 0x00000213308e2630 nmethod 25027 0x0000021315be4510 code [0x0000021315be46c0, 0x0000021315be4a08]
Event: 119.088 Thread 0x00000213308e2630 25029       4       jdk.internal.jrtfs.JrtPath::getResolvedPath (39 bytes)
Event: 119.089 Thread 0x00000213308ee3c0 25030       1       kotlin.script.experimental.util.PropertiesCollection$Builder::getData (5 bytes)
Event: 119.089 Thread 0x00000213308ee3c0 nmethod 25030 0x0000021315d61490 code [0x0000021315d61620, 0x0000021315d616f0]
Event: 119.090 Thread 0x00000213308e2630 nmethod 25029 0x0000021315d64290 code [0x0000021315d64460, 0x0000021315d64700]
Event: 119.104 Thread 0x00000213308ee3c0 25031   !   3       org.jetbrains.kotlin.com.intellij.psi.impl.source.tree.LazyParseableElement::<init> (98 bytes)
Event: 119.105 Thread 0x00000213308ee3c0 nmethod 25031 0x0000021305a08190 code [0x0000021305a08520, 0x0000021305a09e60]
Event: 119.108 Thread 0x00000213308ee3c0 25032       3       java.util.regex.Pattern::qtype (39 bytes)
Event: 119.108 Thread 0x00000213308ee3c0 nmethod 25032 0x0000021306263f90 code [0x0000021306264160, 0x00000213062643d0]
Event: 119.108 Thread 0x00000213308e2630 25033       4       kotlin.text.StringsKt__StringsKt::removeSuffix (61 bytes)
Event: 119.116 Thread 0x00000213308e2630 nmethod 25033 0x0000021315d8ef10 code [0x0000021315d8f0e0, 0x0000021315d8f740]
Event: 119.116 Thread 0x00000213308e2630 25034       4       java.util.regex.Pattern::quote (131 bytes)
Event: 119.119 Thread 0x00000213308e2630 nmethod 25034 0x0000021315c45810 code [0x0000021315c459c0, 0x0000021315c45f20]
Event: 119.119 Thread 0x00000213308e2630 25035       4       java.nio.ByteBuffer::<init> (47 bytes)
Event: 119.122 Thread 0x00000213308e2630 nmethod 25035 0x0000021315d7ba10 code [0x0000021315d7bba0, 0x0000021315d7bee8]
Event: 119.122 Thread 0x00000213308e2630 25036       4       sun.nio.ch.ChannelInputStream::close (10 bytes)
Event: 119.123 Thread 0x00000213308e2630 nmethod 25036 0x0000021315d75f10 code [0x0000021315d760c0, 0x0000021315d76210]
Event: 119.123 Thread 0x00000213308e2630 25037       4       java.nio.file.Files::newByteChannel (36 bytes)
Event: 119.127 Thread 0x00000213308ee3c0 25038       3       java.lang.AbstractStringBuilder::appendNull (83 bytes)
Event: 119.128 Thread 0x00000213308ee3c0 nmethod 25038 0x0000021305a8f190 code [0x0000021305a8f360, 0x0000021305a8f6b8]

GC Heap History (20 events):
Event: 89.756 GC heap before
{Heap before GC invocations=48 (full 0):
 garbage-first heap   total 274432K, used 239668K [0x0000000600000000, 0x0000000800000000)
  region size 4096K, 15 young (61440K), 2 survivors (8192K)
 Metaspace       used 152655K, committed 155328K, reserved 1245184K
  class space    used 20085K, committed 21376K, reserved 1048576K
}
Event: 89.763 GC heap after
{Heap after GC invocations=49 (full 0):
 garbage-first heap   total 274432K, used 192889K [0x0000000600000000, 0x0000000800000000)
  region size 4096K, 2 young (8192K), 2 survivors (8192K)
 Metaspace       used 152655K, committed 155328K, reserved 1245184K
  class space    used 20085K, committed 21376K, reserved 1048576K
}
Event: 90.422 GC heap before
{Heap before GC invocations=50 (full 0):
 garbage-first heap   total 327680K, used 242041K [0x0000000600000000, 0x0000000800000000)
  region size 4096K, 14 young (57344K), 2 survivors (8192K)
 Metaspace       used 153161K, committed 155840K, reserved 1245184K
  class space    used 20133K, committed 21440K, reserved 1048576K
}
Event: 90.429 GC heap after
{Heap after GC invocations=51 (full 0):
 garbage-first heap   total 327680K, used 198926K [0x0000000600000000, 0x0000000800000000)
  region size 4096K, 2 young (8192K), 2 survivors (8192K)
 Metaspace       used 153161K, committed 155840K, reserved 1245184K
  class space    used 20133K, committed 21440K, reserved 1048576K
}
Event: 91.550 GC heap before
{Heap before GC invocations=51 (full 0):
 garbage-first heap   total 327680K, used 280846K [0x0000000600000000, 0x0000000800000000)
  region size 4096K, 23 young (94208K), 2 survivors (8192K)
 Metaspace       used 155550K, committed 158272K, reserved 1245184K
  class space    used 20396K, committed 21760K, reserved 1048576K
}
Event: 91.554 GC heap after
{Heap after GC invocations=52 (full 0):
 garbage-first heap   total 327680K, used 190517K [0x0000000600000000, 0x0000000800000000)
  region size 4096K, 2 young (8192K), 2 survivors (8192K)
 Metaspace       used 155550K, committed 158272K, reserved 1245184K
  class space    used 20396K, committed 21760K, reserved 1048576K
}
Event: 92.528 GC heap before
{Heap before GC invocations=52 (full 0):
 garbage-first heap   total 327680K, used 288821K [0x0000000600000000, 0x0000000800000000)
  region size 4096K, 26 young (106496K), 2 survivors (8192K)
 Metaspace       used 162149K, committed 164992K, reserved 1245184K
  class space    used 21205K, committed 22592K, reserved 1048576K
}
Event: 92.536 GC heap after
{Heap after GC invocations=53 (full 0):
 garbage-first heap   total 327680K, used 197322K [0x0000000600000000, 0x0000000800000000)
  region size 4096K, 4 young (16384K), 4 survivors (16384K)
 Metaspace       used 162149K, committed 164992K, reserved 1245184K
  class space    used 21205K, committed 22592K, reserved 1048576K
}
Event: 93.921 GC heap before
{Heap before GC invocations=54 (full 0):
 garbage-first heap   total 335872K, used 291530K [0x0000000600000000, 0x0000000800000000)
  region size 4096K, 27 young (110592K), 4 survivors (16384K)
 Metaspace       used 168481K, committed 171328K, reserved 1245184K
  class space    used 22088K, committed 23488K, reserved 1048576K
}
Event: 93.929 GC heap after
{Heap after GC invocations=55 (full 0):
 garbage-first heap   total 335872K, used 202909K [0x0000000600000000, 0x0000000800000000)
  region size 4096K, 3 young (12288K), 3 survivors (12288K)
 Metaspace       used 168481K, committed 171328K, reserved 1245184K
  class space    used 22088K, committed 23488K, reserved 1048576K
}
Event: 94.791 GC heap before
{Heap before GC invocations=55 (full 0):
 garbage-first heap   total 335872K, used 301213K [0x0000000600000000, 0x0000000800000000)
  region size 4096K, 28 young (114688K), 3 survivors (12288K)
 Metaspace       used 169157K, committed 171968K, reserved 1245184K
  class space    used 22099K, committed 23488K, reserved 1048576K
}
Event: 94.799 GC heap after
{Heap after GC invocations=56 (full 0):
 garbage-first heap   total 335872K, used 191158K [0x0000000600000000, 0x0000000800000000)
  region size 4096K, 2 young (8192K), 2 survivors (8192K)
 Metaspace       used 169157K, committed 171968K, reserved 1245184K
  class space    used 22099K, committed 23488K, reserved 1048576K
}
Event: 95.675 GC heap before
{Heap before GC invocations=56 (full 0):
 garbage-first heap   total 335872K, used 309942K [0x0000000600000000, 0x0000000800000000)
  region size 4096K, 31 young (126976K), 2 survivors (8192K)
 Metaspace       used 170074K, committed 172928K, reserved 1245184K
  class space    used 22165K, committed 23552K, reserved 1048576K
}
Event: 95.681 GC heap after
{Heap after GC invocations=57 (full 0):
 garbage-first heap   total 335872K, used 193707K [0x0000000600000000, 0x0000000800000000)
  region size 4096K, 2 young (8192K), 2 survivors (8192K)
 Metaspace       used 170074K, committed 172928K, reserved 1245184K
  class space    used 22165K, committed 23552K, reserved 1048576K
}
Event: 115.937 GC heap before
{Heap before GC invocations=58 (full 0):
 garbage-first heap   total 335872K, used 308395K [0x0000000600000000, 0x0000000800000000)
  region size 4096K, 30 young (122880K), 2 survivors (8192K)
 Metaspace       used 170161K, committed 172992K, reserved 1245184K
  class space    used 22166K, committed 23552K, reserved 1048576K
}
Event: 115.948 GC heap after
{Heap after GC invocations=59 (full 0):
 garbage-first heap   total 335872K, used 202419K [0x0000000600000000, 0x0000000800000000)
  region size 4096K, 4 young (16384K), 4 survivors (16384K)
 Metaspace       used 170161K, committed 172992K, reserved 1245184K
  class space    used 22166K, committed 23552K, reserved 1048576K
}
Event: 117.593 GC heap before
{Heap before GC invocations=59 (full 0):
 garbage-first heap   total 335872K, used 308915K [0x0000000600000000, 0x0000000800000000)
  region size 4096K, 30 young (122880K), 4 survivors (16384K)
 Metaspace       used 174591K, committed 177472K, reserved 1245184K
  class space    used 22727K, committed 24128K, reserved 1048576K
}
Event: 117.609 GC heap after
{Heap after GC invocations=60 (full 0):
 garbage-first heap   total 348160K, used 210728K [0x0000000600000000, 0x0000000800000000)
  region size 4096K, 3 young (12288K), 3 survivors (12288K)
 Metaspace       used 174591K, committed 177472K, reserved 1245184K
  class space    used 22727K, committed 24128K, reserved 1048576K
}
Event: 118.748 GC heap before
{Heap before GC invocations=60 (full 0):
 garbage-first heap   total 348160K, used 317224K [0x0000000600000000, 0x0000000800000000)
  region size 4096K, 29 young (118784K), 3 survivors (12288K)
 Metaspace       used 182122K, committed 185088K, reserved 1245184K
  class space    used 23898K, committed 25344K, reserved 1048576K
}
Event: 118.755 GC heap after
{Heap after GC invocations=61 (full 0):
 garbage-first heap   total 348160K, used 215031K [0x0000000600000000, 0x0000000800000000)
  region size 4096K, 2 young (8192K), 2 survivors (8192K)
 Metaspace       used 182122K, committed 185088K, reserved 1245184K
  class space    used 23898K, committed 25344K, reserved 1048576K
}

Dll operation events (15 events):
Event: 0.013 Loaded shared library C:\Users\USER\.antigravity\extensions\redhat.java-1.53.0-win32-x64\jre\21.0.10-win32-x86_64\bin\java.dll
Event: 0.067 Loaded shared library C:\Users\USER\.antigravity\extensions\redhat.java-1.53.0-win32-x64\jre\21.0.10-win32-x86_64\bin\zip.dll
Event: 0.088 Loaded shared library C:\Users\USER\.antigravity\extensions\redhat.java-1.53.0-win32-x64\jre\21.0.10-win32-x86_64\bin\instrument.dll
Event: 0.093 Loaded shared library C:\Users\USER\.antigravity\extensions\redhat.java-1.53.0-win32-x64\jre\21.0.10-win32-x86_64\bin\net.dll
Event: 0.095 Loaded shared library C:\Users\USER\.antigravity\extensions\redhat.java-1.53.0-win32-x64\jre\21.0.10-win32-x86_64\bin\nio.dll
Event: 0.099 Loaded shared library C:\Users\USER\.antigravity\extensions\redhat.java-1.53.0-win32-x64\jre\21.0.10-win32-x86_64\bin\zip.dll
Event: 0.384 Loaded shared library C:\Users\USER\.antigravity\extensions\redhat.java-1.53.0-win32-x64\jre\21.0.10-win32-x86_64\bin\jimage.dll
Event: 0.521 Loaded shared library C:\Users\USER\.antigravity\extensions\redhat.java-1.53.0-win32-x64\jre\21.0.10-win32-x86_64\bin\verify.dll
Event: 0.619 Loaded shared library C:\Users\USER\.gradle\native\1def1411415f61bf3af743bc5b6707747c0891f09f0c88961ee8f79bc544acac\windows-amd64\native-platform.dll
Event: 0.830 Loaded shared library C:\Users\USER\.gradle\native\0.2.7\x86_64-windows-gnu\gradle-fileevents.dll
Event: 1.748 Loaded shared library C:\Users\USER\.antigravity\extensions\redhat.java-1.53.0-win32-x64\jre\21.0.10-win32-x86_64\bin\management.dll
Event: 1.753 Loaded shared library C:\Users\USER\.antigravity\extensions\redhat.java-1.53.0-win32-x64\jre\21.0.10-win32-x86_64\bin\management_ext.dll
Event: 1.902 Loaded shared library C:\Users\USER\.antigravity\extensions\redhat.java-1.53.0-win32-x64\jre\21.0.10-win32-x86_64\bin\extnet.dll
Event: 2.157 Loaded shared library C:\Users\USER\.antigravity\extensions\redhat.java-1.53.0-win32-x64\jre\21.0.10-win32-x86_64\bin\sunmscapi.dll
Event: 38.542 Loaded shared library C:\Users\USER\.antigravity\extensions\redhat.java-1.53.0-win32-x64\jre\21.0.10-win32-x86_64\bin\rmi.dll

Deoptimization events (20 events):
Event: 119.006 Thread 0x0000021379f25bd0 Uncommon trap: trap_request=0xffffffde fr.pc=0x000002131678cb88 relative=0x0000000000000568
Event: 119.006 Thread 0x0000021379f25bd0 Uncommon trap: reason=class_check action=maybe_recompile pc=0x000002131678cb88 method=org.gradle.api.internal.provider.ValueSupplier$Missing.pushWhenMissing(Lorg/gradle/internal/DisplayName;)Lorg/gradle/api/internal/provider/ValueSupplier$Value; @ 10 c2
Event: 119.006 Thread 0x0000021379f25bd0 DEOPT PACKING pc=0x000002131678cb88 sp=0x000000e72a2f5cc0
Event: 119.006 Thread 0x0000021379f25bd0 DEOPT UNPACKING pc=0x0000021315534422 sp=0x000000e72a2f5c88 mode 2
Event: 119.007 Thread 0x0000021379f25bd0 Uncommon trap: trap_request=0xffffffde fr.pc=0x000002131678cb88 relative=0x0000000000000568
Event: 119.007 Thread 0x0000021379f25bd0 Uncommon trap: reason=class_check action=maybe_recompile pc=0x000002131678cb88 method=org.gradle.api.internal.provider.ValueSupplier$Missing.pushWhenMissing(Lorg/gradle/internal/DisplayName;)Lorg/gradle/api/internal/provider/ValueSupplier$Value; @ 10 c2
Event: 119.007 Thread 0x0000021379f25bd0 DEOPT PACKING pc=0x000002131678cb88 sp=0x000000e72a2f5cc0
Event: 119.007 Thread 0x0000021379f25bd0 DEOPT UNPACKING pc=0x0000021315534422 sp=0x000000e72a2f5c88 mode 2
Event: 119.007 Thread 0x0000021379f25bd0 Uncommon trap: trap_request=0xffffffde fr.pc=0x000002131678cb88 relative=0x0000000000000568
Event: 119.007 Thread 0x0000021379f25bd0 Uncommon trap: reason=class_check action=maybe_recompile pc=0x000002131678cb88 method=org.gradle.api.internal.provider.ValueSupplier$Missing.pushWhenMissing(Lorg/gradle/internal/DisplayName;)Lorg/gradle/api/internal/provider/ValueSupplier$Value; @ 10 c2
Event: 119.007 Thread 0x0000021379f25bd0 DEOPT PACKING pc=0x000002131678cb88 sp=0x000000e72a2f5cc0
Event: 119.007 Thread 0x0000021379f25bd0 DEOPT UNPACKING pc=0x0000021315534422 sp=0x000000e72a2f5c88 mode 2
Event: 119.007 Thread 0x0000021379f25bd0 Uncommon trap: trap_request=0xffffffde fr.pc=0x000002131678cb88 relative=0x0000000000000568
Event: 119.007 Thread 0x0000021379f25bd0 Uncommon trap: reason=class_check action=maybe_recompile pc=0x000002131678cb88 method=org.gradle.api.internal.provider.ValueSupplier$Missing.pushWhenMissing(Lorg/gradle/internal/DisplayName;)Lorg/gradle/api/internal/provider/ValueSupplier$Value; @ 10 c2
Event: 119.008 Thread 0x0000021379f25bd0 DEOPT PACKING pc=0x000002131678cb88 sp=0x000000e72a2f5cc0
Event: 119.008 Thread 0x0000021379f25bd0 DEOPT UNPACKING pc=0x0000021315534422 sp=0x000000e72a2f5c88 mode 2
Event: 119.039 Thread 0x0000021379f25bd0 Uncommon trap: trap_request=0xffffff45 fr.pc=0x00000213163fbd78 relative=0x0000000000000578
Event: 119.039 Thread 0x0000021379f25bd0 Uncommon trap: reason=unstable_if action=reinterpret pc=0x00000213163fbd78 method=java.lang.ThreadLocal$ThreadLocalMap.remove(Ljava/lang/ThreadLocal;)V @ 26 c2
Event: 119.039 Thread 0x0000021379f25bd0 DEOPT PACKING pc=0x00000213163fbd78 sp=0x000000e72a2f8520
Event: 119.039 Thread 0x0000021379f25bd0 DEOPT UNPACKING pc=0x0000021315534422 sp=0x000000e72a2f83f0 mode 2

Classes loaded (20 events):
Event: 116.480 Loading class java/text/ChoiceFormat
Event: 116.481 Loading class java/text/ChoiceFormat done
Event: 116.496 Loading class java/lang/invoke/DirectMethodHandle$1
Event: 116.497 Loading class java/lang/invoke/DirectMethodHandle$1 done
Event: 116.510 Loading class java/text/MessageFormat$Field
Event: 116.510 Loading class java/text/MessageFormat$Field done
Event: 117.539 Loading class java/util/concurrent/atomic/AtomicIntegerArray
Event: 117.540 Loading class java/util/concurrent/atomic/AtomicIntegerArray done
Event: 117.541 Loading class java/util/Currency
Event: 117.542 Loading class java/util/Currency done
Event: 117.544 Loading class java/util/concurrent/atomic/AtomicLongArray
Event: 117.544 Loading class java/util/concurrent/atomic/AtomicLongArray done
Event: 117.558 Loading class sun/reflect/generics/repository/FieldRepository
Event: 117.558 Loading class sun/reflect/generics/repository/FieldRepository done
Event: 117.565 Loading class jdk/internal/vm/annotation/ForceInline
Event: 117.566 Loading class jdk/internal/vm/annotation/ForceInline done
Event: 117.623 Loading class java/util/regex/Pattern$Caret
Event: 117.623 Loading class java/util/regex/Pattern$Caret done
Event: 118.255 Loading class java/io/FileReader
Event: 118.255 Loading class java/io/FileReader done

Classes unloaded (0 events):
No events

Classes redefined (0 events):
No events

Internal exceptions (20 events):
Event: 116.793 Thread 0x0000021379f25bd0 Exception <a 'sun/nio/fs/WindowsException'{0x000000060f60b110}> (0x000000060f60b110) 
thrown [s\src\hotspot\share\prims\jni.cpp, line 520]
Event: 116.812 Thread 0x0000021379f25bd0 Exception <a 'sun/nio/fs/WindowsException'{0x000000060f614820}> (0x000000060f614820) 
thrown [s\src\hotspot\share\prims\jni.cpp, line 520]
Event: 116.832 Thread 0x0000021379f25bd0 Exception <a 'sun/nio/fs/WindowsException'{0x000000060f61e0d0}> (0x000000060f61e0d0) 
thrown [s\src\hotspot\share\prims\jni.cpp, line 520]
Event: 116.854 Thread 0x0000021379f25bd0 Exception <a 'sun/nio/fs/WindowsException'{0x000000060f62ab40}> (0x000000060f62ab40) 
thrown [s\src\hotspot\share\prims\jni.cpp, line 520]
Event: 116.874 Thread 0x0000021379f25bd0 Exception <a 'sun/nio/fs/WindowsException'{0x000000060f632518}> (0x000000060f632518) 
thrown [s\src\hotspot\share\prims\jni.cpp, line 520]
Event: 116.898 Thread 0x0000021379f25bd0 Exception <a 'sun/nio/fs/WindowsException'{0x000000060f63bc98}> (0x000000060f63bc98) 
thrown [s\src\hotspot\share\prims\jni.cpp, line 520]
Event: 116.905 Thread 0x0000021379f25bd0 Exception <a 'sun/nio/fs/WindowsException'{0x000000060f6434a0}> (0x000000060f6434a0) 
thrown [s\src\hotspot\share\prims\jni.cpp, line 520]
Event: 118.302 Thread 0x0000021379f25bd0 Exception <a 'java/lang/NoSuchMethodError'{0x000000060f073930}: 'void java.lang.invoke.Invokers$Holder.invokeExact_MT(java.lang.Object, java.lang.Object, int, java.lang.Object)'> (0x000000060f073930) 
thrown [s\src\hotspot\share\interpreter\linkResolver.cpp, line 773]
Event: 118.600 Thread 0x0000021379f25bd0 Exception <a 'java/lang/ClassNotFoundException'{0x000000060d0d3508}: com/android/build/gradle/internal/api/ApkVariantOutputImpl_DecoratedBeanInfo> (0x000000060d0d3508) 
thrown [s\src\hotspot\share\classfile\systemDictionary.cpp, line 312]
Event: 118.600 Thread 0x0000021379f25bd0 Exception <a 'java/lang/ClassNotFoundException'{0x000000060d0e30e8}: com/android/build/gradle/internal/api/ApkVariantOutputImplBeanInfo> (0x000000060d0e30e8) 
thrown [s\src\hotspot\share\classfile\systemDictionary.cpp, line 312]
Event: 118.601 Thread 0x0000021379f25bd0 Exception <a 'java/lang/ClassNotFoundException'{0x000000060d0f2fa8}: com/android/build/gradle/internal/api/BaseVariantOutputImplBeanInfo> (0x000000060d0f2fa8) 
thrown [s\src\hotspot\share\classfile\systemDictionary.cpp, line 312]
Event: 118.602 Thread 0x0000021379f25bd0 Exception <a 'java/lang/ClassNotFoundException'{0x000000060d102b98}: com/android/build/gradle/internal/api/BaseVariantOutputImplCustomizer> (0x000000060d102b98) 
thrown [s\src\hotspot\share\classfile\systemDictionary.cpp, line 312]
Event: 118.603 Thread 0x0000021379f25bd0 Exception <a 'java/lang/ClassNotFoundException'{0x000000060d126090}: com/android/build/gradle/internal/api/ApkVariantOutputImplCustomizer> (0x000000060d126090) 
thrown [s\src\hotspot\share\classfile\systemDictionary.cpp, line 312]
Event: 118.604 Thread 0x0000021379f25bd0 Exception <a 'java/lang/ClassNotFoundException'{0x000000060d144f90}: com/android/build/gradle/internal/api/ApkVariantOutputImpl_DecoratedCustomizer> (0x000000060d144f90) 
thrown [s\src\hotspot\share\classfile\systemDictionary.cpp, line 312]
Event: 118.694 Thread 0x0000021379f25bd0 Exception <a 'java/lang/ClassNotFoundException'{0x000000060cfde6a0}: com/android/build/gradle/internal/api/ReadOnlyBuildTypeBeanInfo> (0x000000060cfde6a0) 
thrown [s\src\hotspot\share\classfile\systemDictionary.cpp, line 312]
Event: 118.694 Thread 0x0000021379f25bd0 Exception <a 'java/lang/ClassNotFoundException'{0x000000060cfef7a8}: com/android/build/gradle/internal/api/ReadOnlyBaseConfigBeanInfo> (0x000000060cfef7a8) 
thrown [s\src\hotspot\share\classfile\systemDictionary.cpp, line 312]
Event: 118.695 Thread 0x0000021379f25bd0 Exception <a 'java/lang/ClassNotFoundException'{0x000000060c800b30}: com/android/build/gradle/internal/api/ReadOnlyBaseConfigCustomizer> (0x000000060c800b30) 
thrown [s\src\hotspot\share\classfile\systemDictionary.cpp, line 312]
Event: 118.696 Thread 0x0000021379f25bd0 Exception <a 'java/lang/ClassNotFoundException'{0x000000060c822d18}: com/android/build/gradle/internal/api/ReadOnlyBuildTypeCustomizer> (0x000000060c822d18) 
thrown [s\src\hotspot\share\classfile\systemDictionary.cpp, line 312]
Event: 119.079 Thread 0x0000021379f25bd0 Exception <a 'sun/nio/fs/WindowsException'{0x000000061313c0f8}> (0x000000061313c0f8) 
thrown [s\src\hotspot\share\prims\jni.cpp, line 520]
Event: 119.080 Thread 0x0000021379f25bd0 Exception <a 'sun/nio/fs/WindowsException'{0x000000061313dff8}> (0x000000061313dff8) 
thrown [s\src\hotspot\share\prims\jni.cpp, line 520]

ZGC Phase Switch (0 events):
No events

VM Operations (20 events):
Event: 117.423 Executing safepoint VM operation: ICBufferFull
Event: 117.424 Executing safepoint VM operation: ICBufferFull done
Event: 117.593 Executing safepoint VM operation: G1CollectForAllocation (G1 Evacuation Pause)
Event: 117.609 Executing safepoint VM operation: G1CollectForAllocation (G1 Evacuation Pause) done
Event: 118.252 Executing non-safepoint VM operation: HandshakeAllThreads (Deoptimize)
Event: 118.252 Executing non-safepoint VM operation: HandshakeAllThreads (Deoptimize) done
Event: 118.258 Executing non-safepoint VM operation: HandshakeAllThreads (Deoptimize)
Event: 118.258 Executing non-safepoint VM operation: HandshakeAllThreads (Deoptimize) done
Event: 118.432 Executing safepoint VM operation: ICBufferFull
Event: 118.432 Executing safepoint VM operation: ICBufferFull done
Event: 118.748 Executing safepoint VM operation: G1CollectForAllocation (G1 Evacuation Pause)
Event: 118.755 Executing safepoint VM operation: G1CollectForAllocation (G1 Evacuation Pause) done
Event: 118.823 Executing non-safepoint VM operation: HandshakeAllThreads (Deoptimize)
Event: 118.823 Executing non-safepoint VM operation: HandshakeAllThreads (Deoptimize) done
Event: 118.836 Executing safepoint VM operation: G1PauseRemark
Event: 118.857 Executing safepoint VM operation: G1PauseRemark done
Event: 118.899 Executing safepoint VM operation: G1PauseCleanup
Event: 118.899 Executing safepoint VM operation: G1PauseCleanup done
Event: 119.900 Executing safepoint VM operation: Cleanup
Event: 119.900 Executing safepoint VM operation: Cleanup done

Memory protections (0 events):
No events

Nmethod flushes (20 events):
Event: 118.854 Thread 0x00000213308b8f30 flushing  nmethod 0x0000021306289310
Event: 118.854 Thread 0x00000213308b8f30 flushing  nmethod 0x00000213062da610
Event: 118.854 Thread 0x00000213308b8f30 flushing  nmethod 0x00000213062dd710
Event: 118.854 Thread 0x00000213308b8f30 flushing  nmethod 0x00000213062e1a10
Event: 118.854 Thread 0x00000213308b8f30 flushing  nmethod 0x00000213062fc910
Event: 118.854 Thread 0x00000213308b8f30 flushing  nmethod 0x00000213063d6090
Event: 118.854 Thread 0x00000213308b8f30 flushing  nmethod 0x00000213063e5f90
Event: 118.854 Thread 0x00000213308b8f30 flushing  nmethod 0x00000213063e7390
Event: 118.854 Thread 0x00000213308b8f30 flushing  nmethod 0x00000213064bc690
Event: 118.854 Thread 0x00000213308b8f30 flushing  nmethod 0x00000213064bf110
Event: 118.854 Thread 0x00000213308b8f30 flushing  nmethod 0x00000213065dc510
Event: 118.854 Thread 0x00000213308b8f30 flushing  nmethod 0x00000213065de410
Event: 118.854 Thread 0x00000213308b8f30 flushing  nmethod 0x00000213065eeb10
Event: 118.854 Thread 0x00000213308b8f30 flushing  nmethod 0x00000213068a4090
Event: 118.854 Thread 0x00000213308b8f30 flushing  nmethod 0x00000213069a3c10
Event: 118.854 Thread 0x00000213308b8f30 flushing  nmethod 0x00000213069cad90
Event: 118.854 Thread 0x00000213308b8f30 flushing  nmethod 0x0000021306d60d10
Event: 118.854 Thread 0x00000213308b8f30 flushing  nmethod 0x00000213072c3e90
Event: 118.854 Thread 0x00000213308b8f30 flushing  nmethod 0x00000213076f9f10
Event: 118.854 Thread 0x00000213308b8f30 flushing  nmethod 0x0000021307d9cc10

Events (20 events):
Event: 89.627 Thread 0x0000021379f25bd0 Thread added: 0x00000213874cf450
Event: 90.278 Thread 0x000002137bc910e0 Thread exited: 0x000002137bc910e0
Event: 90.311 Thread 0x00000213308ee3c0 Thread added: 0x000002137bc90a10
Event: 90.338 Thread 0x00000213308ee3c0 Thread added: 0x000002137bc910e0
Event: 90.992 Thread 0x000002137bc910e0 Thread exited: 0x000002137bc910e0
Event: 90.992 Thread 0x000002137bc90a10 Thread exited: 0x000002137bc90a10
Event: 91.698 Thread 0x00000213308ee3c0 Thread added: 0x000002138941f020
Event: 92.101 Thread 0x000002138941f020 Thread added: 0x000002138941fdc0
Event: 92.242 Thread 0x000002138941fdc0 Thread exited: 0x000002138941fdc0
Event: 92.690 Thread 0x000002138941f020 Thread exited: 0x000002138941f020
Event: 93.173 Thread 0x0000021379f25bd0 Thread added: 0x00000213874d1520
Event: 93.824 Thread 0x00000213308ee3c0 Thread added: 0x000002137bc910e0
Event: 93.950 Thread 0x00000213308ee3c0 Thread added: 0x0000021389421230
Event: 94.764 Thread 0x0000021389421230 Thread exited: 0x0000021389421230
Event: 95.337 Thread 0x00000213308ee3c0 Thread added: 0x00000213878ab0c0
Event: 95.663 Thread 0x00000213878ab0c0 Thread exited: 0x00000213878ab0c0
Event: 96.683 Thread 0x000002137bc910e0 Thread exited: 0x000002137bc910e0
Event: 115.667 Thread 0x00000213308e2630 Thread added: 0x00000213878ab0c0
Event: 116.320 Thread 0x00000213308ee3c0 Thread added: 0x00000213878ad2d0
Event: 117.840 Thread 0x00000213878ad2d0 Thread exited: 0x00000213878ad2d0


Dynamic libraries:
0x00007ff630790000 - 0x00007ff63079e000 	C:\Users\USER\.antigravity\extensions\redhat.java-1.53.0-win32-x64\jre\21.0.10-win32-x86_64\bin\java.exe
0x00007ffaf1ac0000 - 0x00007ffaf1d27000 	C:\windows\SYSTEM32\ntdll.dll
0x00007ffaf0f30000 - 0x00007ffaf0ff9000 	C:\windows\System32\KERNEL32.DLL
0x00007ffaef2f0000 - 0x00007ffaef6e1000 	C:\windows\System32\KERNELBASE.dll
0x00007ffaeef00000 - 0x00007ffaef04b000 	C:\windows\System32\ucrtbase.dll
0x00007ffabce20000 - 0x00007ffabce3e000 	C:\Users\USER\.antigravity\extensions\redhat.java-1.53.0-win32-x64\jre\21.0.10-win32-x86_64\bin\VCRUNTIME140.dll
0x00007ffaba3a0000 - 0x00007ffaba3b8000 	C:\Users\USER\.antigravity\extensions\redhat.java-1.53.0-win32-x64\jre\21.0.10-win32-x86_64\bin\jli.dll
0x00007ffaf0d60000 - 0x00007ffaf0f25000 	C:\windows\System32\USER32.dll
0x00007ffaeeed0000 - 0x00007ffaeeef7000 	C:\windows\System32\win32u.dll
0x00007ffaf09a0000 - 0x00007ffaf09cb000 	C:\windows\System32\GDI32.dll
0x00007ffad21c0000 - 0x00007ffad2453000 	C:\windows\WinSxS\amd64_microsoft.windows.common-controls_6595b64144ccf1df_6.0.26100.8037_none_3e092faae333b53b\COMCTL32.dll
0x00007ffaef100000 - 0x00007ffaef22b000 	C:\windows\System32\gdi32full.dll
0x00007ffaefa50000 - 0x00007ffaefaf9000 	C:\windows\System32\msvcrt.dll
0x00007ffaee3a0000 - 0x00007ffaee443000 	C:\windows\System32\msvcp_win.dll
0x00007ffaefa10000 - 0x00007ffaefa41000 	C:\windows\System32\IMM32.DLL
0x00007ffae2410000 - 0x00007ffae241c000 	C:\Users\USER\.antigravity\extensions\redhat.java-1.53.0-win32-x64\jre\21.0.10-win32-x86_64\bin\vcruntime140_1.dll
0x00007ffa726e0000 - 0x00007ffa7276d000 	C:\Users\USER\.antigravity\extensions\redhat.java-1.53.0-win32-x64\jre\21.0.10-win32-x86_64\bin\msvcp140.dll
0x00007ffa59210000 - 0x00007ffa59fb1000 	C:\Users\USER\.antigravity\extensions\redhat.java-1.53.0-win32-x64\jre\21.0.10-win32-x86_64\bin\server\jvm.dll
0x00007ffaf1000000 - 0x00007ffaf10bb000 	C:\windows\System32\ADVAPI32.dll
0x00007ffaf1600000 - 0x00007ffaf16a7000 	C:\windows\System32\sechost.dll
0x00007ffaf1750000 - 0x00007ffaf1868000 	C:\windows\System32\RPCRT4.dll
0x00007ffaf10c0000 - 0x00007ffaf1134000 	C:\windows\System32\WS2_32.dll
0x00007ffae24f0000 - 0x00007ffae2525000 	C:\windows\SYSTEM32\WINMM.dll
0x00007ffaee200000 - 0x00007ffaee25e000 	C:\windows\SYSTEM32\POWRPROF.dll
0x00007ffad8d70000 - 0x00007ffad8d7b000 	C:\windows\SYSTEM32\VERSION.dll
0x00007ffaee1e0000 - 0x00007ffaee1f4000 	C:\windows\SYSTEM32\UMPDC.dll
0x00007ffaed0f0000 - 0x00007ffaed10b000 	C:\windows\SYSTEM32\kernel.appcore.dll
0x00007ffadbea0000 - 0x00007ffadbeaa000 	C:\Users\USER\.antigravity\extensions\redhat.java-1.53.0-win32-x64\jre\21.0.10-win32-x86_64\bin\jimage.dll
0x00007ffaec200000 - 0x00007ffaec442000 	C:\windows\SYSTEM32\DBGHELP.DLL
0x00007ffaefcb0000 - 0x00007ffaf0032000 	C:\windows\System32\combase.dll
0x00007ffaef920000 - 0x00007ffaef9f7000 	C:\windows\System32\OLEAUT32.dll
0x00007ffac5d80000 - 0x00007ffac5dbb000 	C:\windows\SYSTEM32\dbgcore.DLL
0x00007ffaef050000 - 0x00007ffaef0f5000 	C:\windows\System32\bcryptPrimitives.dll
0x00007ffae5060000 - 0x00007ffae506f000 	C:\Users\USER\.antigravity\extensions\redhat.java-1.53.0-win32-x64\jre\21.0.10-win32-x86_64\bin\instrument.dll
0x00007ffac7f60000 - 0x00007ffac7f80000 	C:\Users\USER\.antigravity\extensions\redhat.java-1.53.0-win32-x64\jre\21.0.10-win32-x86_64\bin\java.dll
0x00007ffaf0120000 - 0x00007ffaf087f000 	C:\windows\System32\SHELL32.dll
0x00007ffaef6f0000 - 0x00007ffaef85a000 	C:\windows\System32\wintypes.dll
0x00007ffaee450000 - 0x00007ffaeecb4000 	C:\windows\System32\windows.storage.dll
0x00007ffaf18f0000 - 0x00007ffaf19e7000 	C:\windows\System32\SHCORE.dll
0x00007ffaf16b0000 - 0x00007ffaf1717000 	C:\windows\System32\shlwapi.dll
0x00007ffaee2c0000 - 0x00007ffaee2e9000 	C:\windows\SYSTEM32\profapi.dll
0x00007ffabdcb0000 - 0x00007ffabdcc8000 	C:\Users\USER\.antigravity\extensions\redhat.java-1.53.0-win32-x64\jre\21.0.10-win32-x86_64\bin\zip.dll
0x00007ffae5110000 - 0x00007ffae5120000 	C:\Users\USER\.antigravity\extensions\redhat.java-1.53.0-win32-x64\jre\21.0.10-win32-x86_64\bin\net.dll
0x00007ffae5930000 - 0x00007ffae5a57000 	C:\windows\SYSTEM32\WINHTTP.dll
0x00007ffaed640000 - 0x00007ffaed6ab000 	C:\windows\system32\mswsock.dll
0x00007ffac72a0000 - 0x00007ffac72b6000 	C:\Users\USER\.antigravity\extensions\redhat.java-1.53.0-win32-x64\jre\21.0.10-win32-x86_64\bin\nio.dll
0x00007ffae24b0000 - 0x00007ffae24c0000 	C:\Users\USER\.antigravity\extensions\redhat.java-1.53.0-win32-x64\jre\21.0.10-win32-x86_64\bin\verify.dll
0x00007ffad9800000 - 0x00007ffad9827000 	C:\Users\USER\.gradle\native\1def1411415f61bf3af743bc5b6707747c0891f09f0c88961ee8f79bc544acac\windows-amd64\native-platform.dll
0x00007ffa7ad50000 - 0x00007ffa7adc8000 	C:\Users\USER\.gradle\native\0.2.7\x86_64-windows-gnu\gradle-fileevents.dll
0x00007ffae4e40000 - 0x00007ffae4e4a000 	C:\Users\USER\.antigravity\extensions\redhat.java-1.53.0-win32-x64\jre\21.0.10-win32-x86_64\bin\management.dll
0x00007ffadbae0000 - 0x00007ffadbaec000 	C:\Users\USER\.antigravity\extensions\redhat.java-1.53.0-win32-x64\jre\21.0.10-win32-x86_64\bin\management_ext.dll
0x00007ffaf15f0000 - 0x00007ffaf15f8000 	C:\windows\System32\PSAPI.DLL
0x00007ffaecae0000 - 0x00007ffaecb13000 	C:\windows\SYSTEM32\IPHLPAPI.DLL
0x00007ffaefa00000 - 0x00007ffaefa0a000 	C:\windows\System32\NSI.dll
0x00007ffaca020000 - 0x00007ffaca029000 	C:\Users\USER\.antigravity\extensions\redhat.java-1.53.0-win32-x64\jre\21.0.10-win32-x86_64\bin\extnet.dll
0x00007ffaeda40000 - 0x00007ffaeda5b000 	C:\windows\SYSTEM32\CRYPTSP.dll
0x00007ffaed050000 - 0x00007ffaed089000 	C:\windows\system32\rsaenh.dll
0x00007ffaed6f0000 - 0x00007ffaed722000 	C:\windows\SYSTEM32\USERENV.dll
0x00007ffaee290000 - 0x00007ffaee2ba000 	C:\windows\SYSTEM32\bcrypt.dll
0x00007ffaed8a0000 - 0x00007ffaed8ac000 	C:\windows\SYSTEM32\CRYPTBASE.dll
0x00007ffad9310000 - 0x00007ffad931e000 	C:\Users\USER\.antigravity\extensions\redhat.java-1.53.0-win32-x64\jre\21.0.10-win32-x86_64\bin\sunmscapi.dll
0x00007ffaeecc0000 - 0x00007ffaeee37000 	C:\windows\System32\CRYPT32.dll
0x00007ffaedba0000 - 0x00007ffaedbd0000 	C:\windows\SYSTEM32\ncrypt.dll
0x00007ffaedb50000 - 0x00007ffaedb8f000 	C:\windows\SYSTEM32\NTASN1.dll
0x00007ffab60b0000 - 0x00007ffab60b8000 	C:\windows\system32\wshunix.dll
0x00007ffaeb350000 - 0x00007ffaeb368000 	C:\windows\system32\napinsp.dll
0x00007ffaecb70000 - 0x00007ffaecc9a000 	C:\windows\SYSTEM32\DNSAPI.dll
0x00007ffae6f00000 - 0x00007ffae6f12000 	C:\windows\System32\winrnr.dll
0x00007ffad3580000 - 0x00007ffad35a2000 	C:\windows\system32\nlansp_c.dll
0x00007ffadbe80000 - 0x00007ffadbe96000 	C:\windows\system32\wshbth.dll
0x00007ffae4a50000 - 0x00007ffae4a5b000 	C:\Windows\System32\rasadhlp.dll
0x00007ffae66d0000 - 0x00007ffae6756000 	C:\windows\System32\fwpuclnt.dll
0x00007ffaeb300000 - 0x00007ffaeb307000 	C:\Users\USER\.antigravity\extensions\redhat.java-1.53.0-win32-x64\jre\21.0.10-win32-x86_64\bin\rmi.dll

JVMTI agents:
C:\Users\USER\.gradle\wrapper\dists\gradle-8.14-all\c2qonpi39x1mddn7hk5gh9iqj\gradle-8.14\lib\agents\gradle-instrumentation-agent-8.14.jar path:C:\Users\USER\.antigravity\extensions\redhat.java-1.53.0-win32-x64\jre\21.0.10-win32-x86_64\bin\instrument.dll, loaded, initialized, instrumentlib options:none

dbghelp: loaded successfully - version: 4.0.5 - missing functions: none
symbol engine: initialized successfully - sym options: 0x614 - pdb path: .;C:\Users\USER\.antigravity\extensions\redhat.java-1.53.0-win32-x64\jre\21.0.10-win32-x86_64\bin;C:\windows\SYSTEM32;C:\windows\WinSxS\amd64_microsoft.windows.common-controls_6595b64144ccf1df_6.0.26100.8037_none_3e092faae333b53b;C:\Users\USER\.antigravity\extensions\redhat.java-1.53.0-win32-x64\jre\21.0.10-win32-x86_64\bin\server;C:\Users\USER\.gradle\native\1def1411415f61bf3af743bc5b6707747c0891f09f0c88961ee8f79bc544acac\windows-amd64;C:\Users\USER\.gradle\native\0.2.7\x86_64-windows-gnu

VM Arguments:
jvm_args: --add-opens=java.base/java.lang=ALL-UNNAMED --add-opens=java.base/java.lang.invoke=ALL-UNNAMED --add-opens=java.base/java.util=ALL-UNNAMED --add-opens=java.prefs/java.util.prefs=ALL-UNNAMED --add-exports=jdk.compiler/com.sun.tools.javac.api=ALL-UNNAMED --add-exports=jdk.compiler/com.sun.tools.javac.util=ALL-UNNAMED --add-opens=java.base/java.util=ALL-UNNAMED --add-opens=java.prefs/java.util.prefs=ALL-UNNAMED --add-opens=java.base/java.nio.charset=ALL-UNNAMED --add-opens=java.base/java.net=ALL-UNNAMED --add-opens=java.base/java.util.concurrent.atomic=ALL-UNNAMED --add-opens=java.xml/javax.xml.namespace=ALL-UNNAMED -XX:MaxMetaspaceSize=4G -XX:ReservedCodeCacheSize=512m -XX:+HeapDumpOnOutOfMemoryError -Xmx8G -Dfile.encoding=UTF-8 -Duser.country=ID -Duser.language=en -Duser.variant -javaagent:C:\Users\USER\.gradle\wrapper\dists\gradle-8.14-all\c2qonpi39x1mddn7hk5gh9iqj\gradle-8.14\lib\agents\gradle-instrumentation-agent-8.14.jar 
java_command: org.gradle.launcher.daemon.bootstrap.GradleDaemon 8.14
java_class_path (initial): C:\Users\USER\.gradle\wrapper\dists\gradle-8.14-all\c2qonpi39x1mddn7hk5gh9iqj\gradle-8.14\lib\gradle-daemon-main-8.14.jar
Launcher Type: SUN_STANDARD

[Global flags]
     intx CICompilerCount                          = 4                                         {product} {ergonomic}
     uint ConcGCThreads                            = 3                                         {product} {ergonomic}
     uint G1ConcRefinementThreads                  = 10                                        {product} {ergonomic}
   size_t G1HeapRegionSize                         = 4194304                                   {product} {ergonomic}
    uintx GCDrainStackTargetSize                   = 64                                        {product} {ergonomic}
     bool HeapDumpOnOutOfMemoryError               = true                                   {manageable} {command line}
   size_t InitialHeapSize                          = 130023424                                 {product} {ergonomic}
   size_t MarkStackSize                            = 4194304                                   {product} {ergonomic}
   size_t MaxHeapSize                              = 8589934592                                {product} {command line}
   size_t MaxMetaspaceSize                         = 4294967296                                {product} {command line}
   size_t MaxNewSize                               = 5150605312                                {product} {ergonomic}
   size_t MinHeapDeltaBytes                        = 4194304                                   {product} {ergonomic}
   size_t MinHeapSize                              = 8388608                                   {product} {ergonomic}
    uintx NonNMethodCodeHeapSize                   = 5839372                                {pd product} {ergonomic}
    uintx NonProfiledCodeHeapSize                  = 265515770                              {pd product} {ergonomic}
    uintx ProfiledCodeHeapSize                     = 265515770                              {pd product} {ergonomic}
    uintx ReservedCodeCacheSize                    = 536870912                              {pd product} {command line}
     bool SegmentedCodeCache                       = true                                      {product} {ergonomic}
   size_t SoftMaxHeapSize                          = 8589934592                             {manageable} {ergonomic}
     bool UseCompressedOops                        = true                           {product lp64_product} {ergonomic}
     bool UseG1GC                                  = true                                      {product} {ergonomic}
     bool UseLargePagesIndividualAllocation        = false                                  {pd product} {ergonomic}

Logging:
Log output configuration:
 #0: stdout all=warning uptime,level,tags foldmultilines=false
 #1: stderr all=off uptime,level,tags foldmultilines=false

Release file:
JAVA_VERSION="21.0.10" 
MODULES="java.base java.compiler java.datatransfer java.xml java.prefs java.desktop java.instrument java.logging java.management java.security.sasl java.naming java.rmi java.management.rmi java.net.http java.scripting java.security.jgss java.transaction.xa java.sql java.sql.rowset java.xml.crypto java.se java.smartcardio jdk.accessibility jdk.internal.jvmstat jdk.attach jdk.charsets jdk.internal.opt jdk.zipfs jdk.compiler jdk.crypto.ec jdk.crypto.cryptoki jdk.crypto.mscapi jdk.dynalink jdk.internal.ed jdk.editpad jdk.hotspot.agent jdk.httpserver jdk.internal.le jdk.internal.vm.ci jdk.internal.vm.compiler jdk.internal.vm.compiler.management jdk.jartool jdk.javadoc jdk.jcmd jdk.management jdk.management.agent jdk.jconsole jdk.jdeps jdk.jdwp.agent jdk.jdi jdk.jfr jdk.jshell jdk.jsobject jdk.jstatd jdk.localedata jdk.management.jfr jdk.naming.dns jdk.naming.rmi jdk.net jdk.nio.mapmode jdk.random jdk.sctp jdk.security.auth jdk.security.jgss jdk.unsupported jdk.unsupported.desktop jdk.xml.dom" 

Environment Variables:
PATH=C:\Python314\Scripts\;C:\Python314\;C:\Program Files\Common Files\Oracle\Java\javapath;C:\windows\system32;C:\windows;C:\windows\System32\Wbem;C:\windows\System32\WindowsPowerShell\v1.0\;C:\windows\System32\OpenSSH\;C:\Program Files\IBM\SPSS\Statistics\24\JRE\bin;C:\Program Files\Git\cmd;C:\Program Files\nodejs\;C:\ProgramData\chocolatey\bin;C:\Program Files\Docker\Docker\resources\bin;C:\Users\USER\AppData\Local\Microsoft\WindowsApps;C:\Users\USER\AppData\Local\Programs\Microsoft VS Code\bin;C:\Users\USER\AppData\Local\Programs\Antigravity\bin;C:\Flutter\flutter\bin;C:\Android\cmdline-tools\latest\bin;C:\Android\platform-tools;C:\Users\USER\AppData\Roaming\npm
USERNAME=USER
OS=Windows_NT
PROCESSOR_IDENTIFIER=Intel64 Family 6 Model 154 Stepping 4, GenuineIntel
TMP=C:\Users\USER\AppData\Local\Temp
TEMP=C:\Users\USER\AppData\Local\Temp




Periodic native trim disabled

---------------  S Y S T E M  ---------------

OS:
 Windows 11 , 64 bit Build 26100 (10.0.26100.7920)
OS uptime: 1 days 3:41 hours
Hyper-V role detected

CPU: total 12 (initial active 12) (6 cores per cpu, 2 threads per core) family 6 model 154 stepping 4 microcode 0x437, cx8, cmov, fxsr, ht, mmx, 3dnowpref, sse, sse2, sse3, ssse3, sse4.1, sse4.2, popcnt, lzcnt, tsc, tscinvbit, avx, avx2, aes, erms, clmul, bmi1, bmi2, adx, sha, fma, vzeroupper, clflush, clflushopt, clwb, hv, serialize, rdtscp, rdpid, fsrm, f16c, cet_ibt, cet_ss
Processor Information for the first 12 processors :
  Max Mhz: 1300, Current Mhz: 1300, Mhz Limit: 1300

Memory: 4k page, system-wide physical 7930M (633M free)
TotalPageFile size 20531M (AvailPageFile size 6M)
current process WorkingSet (physical memory assigned to process): 687M, peak: 687M
current process commit charge ("private bytes"): 869M, peak: 870M

vm_info: OpenJDK 64-Bit Server VM (21.0.10+7-LTS) for windows-amd64 JRE (21.0.10+7-LTS), built on 2026-01-20T00:00:00Z by "admin" with MS VC++ 17.12 (VS2022)

END.
